
=============================================
vcfanno version 0.3.7 [built with go1.24.6]

see: https://github.com/brentp/vcfanno
=============================================
vcfanno.go:116: found 6 sources from 2 files
vcfanno.go:157: falling back to non-bgzip
api.go:811: WARNING: using op 'self' when with Number='1' for '' from 'input_data/dbNSFP5.3a_grch38_lite.tsv.gz' can result in out-of-order values when the query is multi-allelic
api.go:812:        : this is not an issue if the query has been decomposed.
api.go:811: WARNING: using op 'self' when with Number='1' for '' from 'input_data/dbNSFP5.3a_grch38_lite.tsv.gz' can result in out-of-order values when the query is multi-allelic
api.go:812:        : this is not an issue if the query has been decomposed.
api.go:811: WARNING: using op 'self' when with Number='1' for '' from 'input_data/dbNSFP5.3a_grch38_lite.tsv.gz' can result in out-of-order values when the query is multi-allelic
api.go:812:        : this is not an issue if the query has been decomposed.
api.go:811: WARNING: using op 'self' when with Number='1' for '' from 'input_data/dbNSFP5.3a_grch38_lite.tsv.gz' can result in out-of-order values when the query is multi-allelic
api.go:812:        : this is not an issue if the query has been decomposed.
api.go:811: WARNING: using op 'self' when with Number='1' for '' from 'input_data/dbNSFP5.3a_grch38_lite.tsv.gz' can result in out-of-order values when the query is multi-allelic
api.go:812:        : this is not an issue if the query has been decomposed.
api.go:811: WARNING: using op 'self' when with Number='1' for '' from 'input_data/dbNSFP5.3a_grch38_lite.tsv.gz' can result in out-of-order values when the query is multi-allelic
api.go:812:        : this is not an issue if the query has been decomposed.
vcfanno.go:250: annotated 2076 variants in 2.64 seconds (787.5 / second)
🧬 VCF文件gnomAD频率注释与筛选 - 第一步
============================================================
✅ 所有必要工具已安装
   vcfanno: vcfanno version 0.3.7 [built with go1.24.6]
   bcftools: bcftools
✅ 所有输入文件存在
📁 输入VCF: input_data/HG001.vcf
📄 dbNSFP数据库: input_data/dbNSFP5.3a_grch38_lite.tsv.gz
✅ 创建vcfanno配置文件: config/vcfanno_gnomad_step1.toml

🧬 开始vcfanno注释...
输入文件: input_data/HG001.vcf
配置文件: config/vcfanno_gnomad_step1.toml
输出文件: temp/vcf1_annotated.vcf
============================================================
✅ vcfanno注释成功完成
处理时间: 0.07秒

🔍 开始gnomAD频率筛选...
输入文件: temp/vcf1_annotated.vcf
输出文件: results/vcf1.vcf
筛选条件: gnomAD4.1_joint_POPMAX_AF < 0.01 且不为空
============================================================

🎉 gnomAD频率筛选完成！
总处理时间: 0.00秒
处理速度: 11426.5 变异/秒

📊 筛选统计:
  原始变异数量: 29
  通过筛选变异: 29
  筛选保留比例: 100.00%
  筛选失败变异: 0
  缺少gnomAD信息的变异: 0

🔍 验证结果文件...
✅ 结果文件验证通过
📊 最终变异数量: 29

============================================================
🎉 第一步处理完成！
总处理时间: 0.08秒
  - vcfanno注释: 0.07秒
  - gnomAD筛选: 0.00秒
最终结果: 29 个变异
输出文件: results/vcf1.vcf

✅ 详细报告已保存到: results/STEP1_GNOMAD_ANNOTATION_REPORT.md
🚀 准备进行第二步处理...
🧬 VCF文件gnomAD质量注释 - 第二步
============================================================
检查vcf1文件状态...
✅ vcf1文件存在
📊 vcf1变异数量: 29

检查依赖工具...
✅ vcfanno工具已安装

检查数据文件...
✅ dbNSFP文件存在: input_data/dbNSFP5.3a_grch38_lite.tsv.gz
📄 dbNSFP文件大小: 1,203,361,502 bytes

创建注释配置...
✅ 创建vcfanno配置文件: /Volumes/T9/herita-project/config/vcfanno_gnomad_flag.toml

🧬 开始gnomAD flag注释...
输入文件: results/vcf1.vcf
配置文件: /Volumes/T9/herita-project/config/vcfanno_gnomad_flag.toml
输出文件: results/vcf2.vcf
注释字段: gnomAD4.1_joint_flag (dbNSFP第26列)
============================================================
✅ vcfanno注释成功完成
处理时间: 0.07秒

🔍 验证vcf2文件...
📊 vcf2变异数量: 29
✅ 变异数量匹配vcf1
📊 gnomAD flag为'.'的变异: 0

📋 vcf2示例变异 (前5个):
============================================================
1. chr1:948519:T>G
   gnomAD频率: 3.220640e-05
   gnomAD标志: N/A

2. chr1:1487901:G>A
   gnomAD频率: 6.600660e-04
   gnomAD标志: N/A

3. chr1:2408634:C>G
   gnomAD频率: 1.635950e-03
   gnomAD标志: N/A

4. chr1:6082358:C>T
   gnomAD频率: 2.480940e-05
   gnomAD标志: N/A

5. chr1:9735980:C>T
   gnomAD频率: 4.391840e-05
   gnomAD标志: N/A


============================================================
🎉 第二步处理完成！
总处理时间: 0.12秒
  - vcfanno注释: 0.07秒
输入变异数量: 29
输出文件: results/vcf2.vcf
最终变异数量: 29

✅ 详细报告已保存到: results/STEP2_GNOMAD_FLAG_ANNOTATION_REPORT.md
🚀 准备进行第三步测序质量筛选...
🧬 VCF文件测序质量筛选 - 第三步
============================================================
检查vcf2文件状态...
✅ vcf2文件存在
📊 vcf2变异数量: 29

📊 分析vcf2质量指标分布...
==================================================
变异总数: 29
有QUAL信息的变异: 29
有FILTER信息的变异: 29
FILTER=PASS的变异: 0
有DP信息的变异: 29
有GQ信息的变异: 29


🧬 开始测序质量筛选...
输入文件: results/vcf2.vcf
输出文件: results/vcf3.vcf
筛选条件:
  - QUAL >= 30
  - FILTER = PASS
  - DP >= 30
  - GQ >= 60
==================================================

🎉 测序质量筛选完成！
总处理时间: 0.00秒
处理速度: 11228.2 变异/秒

📊 筛选统计:
  原始变异数量: 29
  通过筛选变异: 29
  筛选保留比例: 100.00%
  筛选失败变异: 0

📊 筛选失败原因:
  QUAL < 30: 0
  FILTER ≠ PASS: 0
  DP < 30: 0
  GQ < 60: 0
  信息缺失: 0

🔍 验证vcf3文件...
✅ 结果文件验证通过
📊 vcf3变异数量: 29
✅ 变异数量符合预期 (≥ 0)

📋 vcf3示例变异 (前5个通过筛选的变异):
============================================================
1. chr1:948519:T>G
   QUAL: 50.0
   FILTER: PASS
   DP: 669
   GQ: 839

2. chr1:1487901:G>A
   QUAL: 50.0
   FILTER: PASS
   DP: 827
   GQ: 735

3. chr1:2408634:C>G
   QUAL: 50.0
   FILTER: PASS
   DP: 857
   GQ: 700

4. chr1:6082358:C>T
   QUAL: 50.0
   FILTER: PASS
   DP: 768
   GQ: 872

5. chr1:9735980:C>T
   QUAL: 50.0
   FILTER: PASS
   DP: 1164
   GQ: 1412


============================================================
🎉 第三步处理完成！
总处理时间: 0.04秒
  - 质量指标分析: 完成
  - 质量筛选: 0.00秒
输入变异数量: 29
输出变异数量: 29
筛选保留比例: 100.00%
输出文件: results/vcf3.vcf

✅ 详细报告已保存到: results/STEP3_SEQUENCING_QUALITY_FILTER_REPORT.md
🚀 准备进行第四步ClinVar注释...
🧬 ClinVar注释 - 优化版 (使用tabix按需查询)
============================================================
📊 vcf3变异数量: 29

变异 chr1:171636247 T>C 被删除: Likely_benign, reviewed_by_expert_panel

处理完成！
总处理变异行数: 29
进入决赛圈 (final_clinvar.vcf): 0
保留在vcf4中: 28
从vcf4中删除: 1
验证: 0 + 28 + 1 = 29

⏱️ 总耗时: 0.54 秒
🧬 dbscSNV注释 - 优化版 (按需查询)
============================================================
📊 vcf4变异数量: 28
从dbscSNV查询 28 个位点...
dbscSNV匹配到 0 个位点

开始处理VCF文件...

处理完成！
总变异行数: 28
dbscSNV匹配成功: 0 (0.0%)
高分变异(ada>0.6&rf>0.6): 0
进入dbscSNV决赛圈 (final_dbscSNV.vcf): 0
保留在vcf5中: 28
验证: 28 = 28

⏱️ 总耗时: 4.04 秒
2025-12-09 19:09:17,349 - INFO - 开始执行步骤6: dbNSFP注释和变异筛选
2025-12-09 19:09:17,349 - INFO - 开始使用vcfanno注释变异...
2025-12-09 19:09:17,408 - INFO - vcfanno注释完成，结果保存到: /Volumes/T9/herita-project/results/vcf5_annotated.vcf
2025-12-09 19:09:17,408 - INFO - 开始根据有害性评分筛选变异...
2025-12-09 19:09:17,422 - INFO - 找到 21 个满足至少2个条件的变异
2025-12-09 19:09:17,439 - INFO - 变异筛选完成，结果保存到: /Volumes/T9/herita-project/results/vcf6.vcf
2025-12-09 19:09:17,472 - INFO - 原始变异数量 (vcf5): 28
2025-12-09 19:09:17,473 - INFO - 注释后变异数量 (vcf5_annotated): 28
2025-12-09 19:09:17,473 - INFO - 筛选后变异数量 (vcf6): 21
2025-12-09 19:09:17,473 - INFO - 筛选比例: 75.00%
2025-12-09 19:09:17,473 - INFO - 步骤6执行完成!
2025-12-09 19:09:17,473 - INFO - 成功从 28 个变异中筛选出 21 个满足条件的变异
2025-12-09 19:09:17,510 - INFO - 开始执行步骤7: 最终Top变异选择
2025-12-09 19:09:17,510 - INFO - 开始对变异进行打分...
2025-12-09 19:09:17,520 - INFO - 成功为 21 个变异打分
2025-12-09 19:09:17,520 - INFO - 选择得分最高的变异，确保至少包含 50 个变异...
2025-12-09 19:09:17,520 - WARNING - 警告: 只有 21 个变异，少于要求的 50 个
2025-12-09 19:09:17,520 - INFO - 创建final_top.vcf文件...
2025-12-09 19:09:17,535 - INFO - 成功创建 /Volumes/T9/herita-project/results/final_top.vcf
2025-12-09 19:09:17,544 - INFO - final_top.vcf包含 21 个变异
2025-12-09 19:09:17,545 - INFO - 生成详细报告...
2025-12-09 19:09:17,550 - INFO - 成功生成报告: /Volumes/T9/herita-project/docs/final_top_report.md
2025-12-09 19:09:17,550 - INFO - 步骤7执行完成!
2025-12-09 19:09:17,550 - INFO - 成功选出21个最高得分变异保存到: /Volumes/T9/herita-project/results/final_top.vcf
2025-12-09 19:09:17,551 - INFO - 详细报告保存到: /Volumes/T9/herita-project/docs/final_top_report.md
2025-12-09 19:09:17,585 - INFO - ============================================================
2025-12-09 19:09:17,585 - INFO - 步骤8: 整合三个决赛圈文件并补全注释 (优化版)
2025-12-09 19:09:17,585 - INFO - ============================================================
2025-12-09 19:09:17,590 - INFO - 开始合并三个决赛圈VCF文件...
2025-12-09 19:09:17,591 - INFO - 读取文件: /Volumes/T9/herita-project/results/final_clinvar.vcf
2025-12-09 19:09:17,591 - INFO - 读取文件: /Volumes/T9/herita-project/results/final_dbscSNV.vcf
2025-12-09 19:09:17,591 - INFO - 读取文件: /Volumes/T9/herita-project/results/final_top.vcf
2025-12-09 19:09:17,593 - INFO - 成功合并VCF文件: 21 个唯一变异
2025-12-09 19:09:17,593 - INFO - 开始对变异进行注释...
2025-12-09 19:09:17,593 - INFO - 从dbscSNV查询 21 个位点...
2025-12-09 19:09:21,374 - INFO - dbscSNV匹配到 0 个位点
2025-12-09 19:09:21,772 - INFO - 注释完成: 共处理 21 个变异
2025-12-09 19:09:21,773 - INFO -   - dbNSFP匹配: 21 个
2025-12-09 19:09:21,773 - INFO -   - dbscSNV匹配: 0 个
2025-12-09 19:09:21,773 - INFO - 生成最终结果文件...
2025-12-09 19:09:21,775 - INFO - 最终结果文件: /Volumes/T9/herita-project/results/final_integrated.vcf
2025-12-09 19:09:21,775 - INFO - 最终变异数量: 21
2025-12-09 19:09:21,775 - INFO - ============================================================
2025-12-09 19:09:21,775 - INFO - 步骤8完成! 总耗时: 4.2 秒
2025-12-09 19:09:21,775 - INFO - ============================================================

======================================================================
Step 9: InterVar-style ACMG Classification
======================================================================

[1/3] 加载 InterVar 知识库...
  [intervardb] 加载 6213 个 LOF 不耐受基因 (PVS1)
  [intervardb] 加载 38353 个已知致病氨基酸改变 (PS1)
  [intervardb] 加载 1237 个功能域记录 (PM1)
  [intervardb] 加载 931 个错义致病基因 (PP2)
  [intervardb] 加载 1449 个截断良性基因 (BP1)
  [intervardb] 加载 5665742 个健康人群变异 (BS2)
  [intervardb] 加载 1154 个病例对照显著变异 (PS4)

[2/3] 评估 ACMG 证据...
  读取 21 个变异

[3/3] 写入结果...

--------------------------------------------------
ACMG 分类结果统计:
--------------------------------------------------
  Pathogenic                    :   0 (  0.0%) 
  Likely_pathogenic             :   0 (  0.0%) 
  Uncertain_significance        :  20 ( 95.2%) ███████████████████████████████████████████████
  Likely_benign                 :   1 (  4.8%) ██
  Benign                        :   0 (  0.0%) 
--------------------------------------------------
  总计: 21 个变异

输出文件:
  - VCF: /Volumes/T9/herita-project/results/final_intervar_classified.vcf
  - 报告: /Volumes/T9/herita-project/results/STEP9_INTERVAR_ACMG_REPORT.md

✓ Step 9 完成!

======================================================================
Step 10: Generating Detailed ACMG Analysis Log
======================================================================
Input VCF: /Volumes/T9/herita-project/results/final_intervar_classified.vcf
Output Log: /Volumes/T9/herita-project/results/STEP10_ACMG_DETAILED_LOG.txt

[1/3] Loading knowledge base (reusing Step 9 logic)...
  [intervardb] 加载 6213 个 LOF 不耐受基因 (PVS1)
  [intervardb] 加载 38353 个已知致病氨基酸改变 (PS1)
  [intervardb] 加载 1237 个功能域记录 (PM1)
  [intervardb] 加载 931 个错义致病基因 (PP2)
  [intervardb] 加载 1449 个截断良性基因 (BP1)
  [intervardb] 加载 5665742 个健康人群变异 (BS2)
  [intervardb] 加载 1154 个病例对照显著变异 (PS4)

[2/3] Reading variants from /Volumes/T9/herita-project/results/final_intervar_classified.vcf...
  Processing 21 variants...

[3/3] Generating detailed log...

Detailed log generated: /Volumes/T9/herita-project/results/STEP10_ACMG_DETAILED_LOG.txt
✓ Step 10 Completed!
======================================================================
HERITA 变异筛选流水线
======================================================================
开始时间: 2025-12-09 19:09:12
项目目录: /Volumes/T9/herita-project
======================================================================

📁 清理之前的结果文件...
   删除: vcf1.vcf
   删除: vcf2.vcf
   删除: vcf3.vcf
   删除: vcf4.vcf
   删除: vcf5.vcf
   删除: vcf5_annotated.vcf
   删除: vcf6.vcf
   删除: final_clinvar.vcf
   删除: final_dbscSNV.vcf
   删除: final_top.vcf
   删除: merged_final.vcf
   删除: merged_annotated.vcf
   删除: final_integrated.vcf
   删除: final_intervar_classified.vcf
   删除: STEP10_ACMG_DETAILED_LOG.txt
   共清理 15 个文件
📥 已复制输入文件: HG001_branchA_input.vcf -> HG001.vcf

📄 输入文件: /Volumes/T9/herita-project/input_data/HG001.vcf
   变异数量: 29

🚀 将执行步骤: Step 1 ~ Step 10

======================================================================
Step 1: gnomAD频率注释与过滤
脚本: step1_gnomad_annotation_filter.py
======================================================================

✅ Step 1 完成 (耗时: 0:00:00.172815)

======================================================================
Step 2: gnomAD Flag注释
脚本: step2_gnomad_flag_annotation.py
======================================================================

✅ Step 2 完成 (耗时: 0:00:00.168756)

======================================================================
Step 3: 测序质量过滤
脚本: step3_sequencing_quality_filter.py
======================================================================

✅ Step 3 完成 (耗时: 0:00:00.071981)

======================================================================
Step 4: ClinVar注释
脚本: step4_clinvar_annotation.py
======================================================================

✅ Step 4 完成 (耗时: 0:00:00.577712)

======================================================================
Step 5: dbscSNV注释
脚本: step5_dbscSNV_annotation.py
======================================================================

✅ Step 5 完成 (耗时: 0:00:04.056126)

======================================================================
Step 6: dbNSFP多评分注释与过滤
脚本: step6_dbNSFP_annotation_filter.py
======================================================================

✅ Step 6 完成 (耗时: 0:00:00.156429)

======================================================================
Step 7: 最终Top50筛选
脚本: step7_final_top50_selection.py
======================================================================

✅ Step 7 完成 (耗时: 0:00:00.077144)

======================================================================
Step 8: 最终整合
脚本: step8_final_integration.py
======================================================================

✅ Step 8 完成 (耗时: 0:00:04.224868)

======================================================================
Step 9: InterVar ACMG分类
脚本: step9_intervar_acmg.py
======================================================================

✅ Step 9 完成 (耗时: 0:00:03.494408)

======================================================================
Step 10: 生成详细ACMG分析日志
脚本: step10_acmg_detailed_report.py
======================================================================

✅ Step 10 完成 (耗时: 0:00:03.255226)

======================================================================
流水线执行摘要
======================================================================

文件                                                   变异数
------------------------------------------------------------
输入文件                                                  29
Step 1 (gnomAD过滤后)                                    29
Step 2 (gnomAD Flag后)                                 29
Step 3 (质量过滤后)                                        29
Step 4 (ClinVar注释后)                                   28
Step 5 (dbscSNV注释后)                                   28
Step 6 (评分过滤后)                                        21
ClinVar致病变异                                            0
dbscSNV高分变异                                            0
Top50高分变异                                             21
最终整合结果                                                21
ACMG分类结果                                              21

======================================================================
✅ 最终结果: /Volumes/T9/herita-project/results/final_intervar_classified.vcf
======================================================================

总耗时: 0:00:16.256807

✅ 流水线执行完成！
The operation couldn’t be completed. Unable to locate a Java Runtime.
Please visit http://www.java.com for information on installing Java.

============================================================
HERITA master pipeline (Branch A + Branch B)
Input: /Volumes/T9/herita-project/input_data/HG001.vcf
Prefix: HG001
============================================================

[cmd] Step0: bedtools intersect with CDS
      bedtools intersect -header -a /Volumes/T9/herita-project/input_data/HG001.vcf -b /Volumes/T9/herita-project/annotation_data/hg38_cds.bed.gz

[cmd] Step1: vcfanno mini-gnomAD annotation
      vcfanno -lua /Volumes/T9/herita-project/config/vcfanno_functions.lua /Volumes/T9/herita-project/config/vcfanno_gnomad_step1.toml /Volumes/T9/herita-project/results/HG001_cds.vcf
Step2: frequency filter keep=2066 drop=10 (cutoff 0.01)
Step3: split -> BranchA 29 variants, BranchB 2037 variants

[cmd] Branch A: legacy run_pipeline
      /Users/chaohe/miniconda3/bin/python /Volumes/T9/herita-project/scripts/run_pipeline.py /Volumes/T9/herita-project/results/HG001_branchA_input.vcf --clean
Branch A output copied to /Volumes/T9/herita-project/results/HG001_branchA_annotated.vcf

[cmd] Branch B: snpEff annotation
      java -Xmx4g -jar /Volumes/T9/snpEff/snpEff/snpEff.jar -canon -noStats -hgvs GRCh38.99 /Volumes/T9/herita-project/results/HG001_branchB_input.vcf
Traceback (most recent call last):
  File "/Volumes/T9/herita-project/scripts/master_pipeline.py", line 531, in <module>
    main()
    ~~~~^^
  File "/Volumes/T9/herita-project/scripts/master_pipeline.py", line 509, in main
    snpeff_annotate(branch_b_in, snpeff_out, args.snpeff_genome)
    ~~~~~~~~~~~~~~~^^^^^^^^^^^^^^^^^^^^^^^^^^^^^^^^^^^^^^^^^^^^^
  File "/Volumes/T9/herita-project/scripts/master_pipeline.py", line 175, in snpeff_annotate
    run_cmd([
    ~~~~~~~^^
        "java", "-Xmx4g", "-jar", SNPEFF_JAR, "-canon", "-noStats", "-hgvs", genome, input_vcf
        ^^^^^^^^^^^^^^^^^^^^^^^^^^^^^^^^^^^^^^^^^^^^^^^^^^^^^^^^^^^^^^^^^^^^^^^^^^^^^^^^^^^^^^
    ], "Branch B: snpEff annotation", stdout_path=output_vcf)
    ^^^^^^^^^^^^^^^^^^^^^^^^^^^^^^^^^^^^^^^^^^^^^^^^^^^^^^^^^
  File "/Volumes/T9/herita-project/scripts/master_pipeline.py", line 62, in run_cmd
    raise RuntimeError(f"Command failed ({result.returncode}): {' '.join(cmd)}")
RuntimeError: Command failed (1): java -Xmx4g -jar /Volumes/T9/snpEff/snpEff/snpEff.jar -canon -noStats -hgvs GRCh38.99 /Volumes/T9/herita-project/results/HG001_branchB_input.vcf
