[20:07:07] ============================================================
[20:07:07] HERITA 双分支流水线 v2
[20:07:07] 输入: /Volumes/T9/herita-project/input_data/HG001.vcf
[20:07:07] 前缀: HG001
[20:07:07] ============================================================
[20:07:07] Step0: CDS 交集预处理
[20:07:07]   输入: /Volumes/T9/herita-project/input_data/HG001.vcf
[20:07:07]   CDS BED: /Volumes/T9/herita-project/annotation_data/hg38_cds.bed.gz
[20:07:07] [CMD] bedtools intersect
[20:07:07]       bedtools intersect -header -a /Volumes/T9/herita-project/input_data/HG001.vcf -b...
[20:07:14]   输出: /Volumes/T9/herita-project/results/HG001_cds.vcf (21693 个变异)
[20:07:14] Step1: gnomAD 频率注释（精简版）
[20:07:14] [CMD] gnomAD annotation (Go)
[20:07:14]       /Volumes/T9/herita-project/herita-pipeline-go/cmd/gnomad_annotate/gnomad_annotate -input /Volumes/T9/herita-project/results/HG001_cds.vcf -output /Volumes/T9/herita-project/results/HG001_cds_annotated.vcf.gz -gnomad...
============================================================
HERITA gnomAD Annotation Tool (Go version)
============================================================
Input: /Volumes/T9/herita-project/results/HG001_cds.vcf
Output: /Volumes/T9/herita-project/results/HG001_cds_annotated.vcf.gz
GnomAD Dir: /Volumes/T9/gnomAD/gnomAD_lite
Threads: 8
============================================================
Input VCF is not compressed. Creating temporary bgzipped version...
Indexing input VCF...
Found 22 chromosomes in input VCF

=============================================
vcfanno version 0.3.7 [built with go1.24.6]

see: https://github.com/brentp/vcfanno
=============================================

=============================================
vcfanno version 0.3.7 [built with go1.24.6]

see: https://github.com/brentp/vcfanno
=============================================

=============================================
vcfanno version 0.3.7 [built with go1.24.6]

see: https://github.com/brentp/vcfanno
=============================================

=============================================
vcfanno version 0.3.7 [built with go1.24.6]

see: https://github.com/brentp/vcfanno
=============================================

=============================================
vcfanno version 0.3.7 [built with go1.24.6]

see: https://github.com/brentp/vcfanno
=============================================

=============================================
vcfanno version 0.3.7 [built with go1.24.6]

see: https://github.com/brentp/vcfanno
=============================================

=============================================
vcfanno version 0.3.7 [built with go1.24.6]

see: https://github.com/brentp/vcfanno
=============================================

=============================================
vcfanno version 0.3.7 [built with go1.24.6]

see: https://github.com/brentp/vcfanno
=============================================
vcfanno.go:116: found 1 sources from 1 files
vcfanno.go:116: found 1 sources from 1 files
vcfanno.go:116: found 1 sources from 1 files
vcfanno.go:116: found 1 sources from 1 files
vcfanno.go:116: found 1 sources from 1 files
vcfanno.go:116: found 1 sources from 1 files
vcfanno.go:116: found 1 sources from 1 files
vcfanno.go:116: found 1 sources from 1 files
vcfanno.go:146: using 2 worker threads to decompress bgzip file
vcfanno.go:146: using 2 worker threads to decompress bgzip file
vcfanno.go:146: using 2 worker threads to decompress bgzip file
vcfanno.go:146: using 2 worker threads to decompress bgzip file
vcfanno.go:146: using 2 worker threads to decompress bgzip file
vcfanno.go:146: using 2 worker threads to decompress bgzip file
vcfanno.go:146: using 2 worker threads to decompress bgzip file
vcfanno.go:146: using 2 worker threads to decompress bgzip file
vcfanno.go:195: Info Error: AF not found in INFO >> this error/warning may occur many times. reporting once here...
vcfanno.go:195: Info Error: AF not found in INFO >> this error/warning may occur many times. reporting once here...
vcfanno.go:195: Info Error: AF not found in INFO >> this error/warning may occur many times. reporting once here...
vcfanno.go:195: Info Error: AF not found in INFO >> this error/warning may occur many times. reporting once here...
vcfanno.go:250: annotated 865 variants in 4.02 seconds (215.1 / second)
✓ chr4 processed

=============================================
vcfanno version 0.3.7 [built with go1.24.6]

see: https://github.com/brentp/vcfanno
=============================================
vcfanno.go:116: found 1 sources from 1 files
vcfanno.go:146: using 2 worker threads to decompress bgzip file
vcfanno.go:250: annotated 509 variants in 4.84 seconds (105.2 / second)
vcfanno.go:250: annotated 677 variants in 4.89 seconds (138.5 / second)
✓ chr22 processed
✓ chr15 processed

=============================================
vcfanno version 0.3.7 [built with go1.24.6]

see: https://github.com/brentp/vcfanno
=============================================
vcfanno.go:116: found 1 sources from 1 files
vcfanno.go:146: using 2 worker threads to decompress bgzip file

=============================================
vcfanno version 0.3.7 [built with go1.24.6]

see: https://github.com/brentp/vcfanno
=============================================
vcfanno.go:116: found 1 sources from 1 files
vcfanno.go:146: using 2 worker threads to decompress bgzip file
vcfanno.go:195: Info Error: AF not found in INFO >> this error/warning may occur many times. reporting once here...
vcfanno.go:250: annotated 951 variants in 5.31 seconds (179.0 / second)
✓ chr5 processed

=============================================
vcfanno version 0.3.7 [built with go1.24.6]

see: https://github.com/brentp/vcfanno
=============================================
vcfanno.go:116: found 1 sources from 1 files
vcfanno.go:146: using 2 worker threads to decompress bgzip file
vcfanno.go:250: annotated 966 variants in 6.13 seconds (157.5 / second)
✓ chr7 processed
vcfanno.go:250: annotated 900 variants in 6.26 seconds (143.8 / second)

=============================================
vcfanno version 0.3.7 [built with go1.24.6]

see: https://github.com/brentp/vcfanno
=============================================
vcfanno.go:116: found 1 sources from 1 files
vcfanno.go:146: using 2 worker threads to decompress bgzip file
✓ chr9 processed

=============================================
vcfanno version 0.3.7 [built with go1.24.6]

see: https://github.com/brentp/vcfanno
=============================================
vcfanno.go:116: found 1 sources from 1 files
vcfanno.go:146: using 2 worker threads to decompress bgzip file
vcfanno.go:195: Info Error: AF not found in INFO >> this error/warning may occur many times. reporting once here...
vcfanno.go:250: annotated 1088 variants in 6.70 seconds (162.4 / second)
✓ chr3 processed

=============================================
vcfanno version 0.3.7 [built with go1.24.6]

see: https://github.com/brentp/vcfanno
=============================================
vcfanno.go:116: found 1 sources from 1 files
vcfanno.go:146: using 2 worker threads to decompress bgzip file
vcfanno.go:250: annotated 385 variants in 1.64 seconds (234.5 / second)
✓ chr13 processed

=============================================
vcfanno version 0.3.7 [built with go1.24.6]

see: https://github.com/brentp/vcfanno
=============================================
vcfanno.go:116: found 1 sources from 1 files
vcfanno.go:146: using 2 worker threads to decompress bgzip file
vcfanno.go:250: annotated 373 variants in 1.68 seconds (222.4 / second)
vcfanno.go:195: Info Error: AF not found in INFO >> this error/warning may occur many times. reporting once here...
✓ chr18 processed

=============================================
vcfanno version 0.3.7 [built with go1.24.6]

see: https://github.com/brentp/vcfanno
=============================================
vcfanno.go:116: found 1 sources from 1 files
vcfanno.go:146: using 2 worker threads to decompress bgzip file
vcfanno.go:195: Info Error: AF not found in INFO >> this error/warning may occur many times. reporting once here...
vcfanno.go:250: annotated 909 variants in 4.76 seconds (191.1 / second)
vcfanno.go:195: Info Error: AF not found in INFO >> this error/warning may occur many times. reporting once here...
✓ chr10 processed

=============================================
vcfanno version 0.3.7 [built with go1.24.6]

see: https://github.com/brentp/vcfanno
=============================================
vcfanno.go:116: found 1 sources from 1 files
vcfanno.go:146: using 2 worker threads to decompress bgzip file
vcfanno.go:250: annotated 1100 variants in 7.89 seconds (139.4 / second)
✓ chr12 processed

=============================================
vcfanno version 0.3.7 [built with go1.24.6]

see: https://github.com/brentp/vcfanno
=============================================
vcfanno.go:116: found 1 sources from 1 files
vcfanno.go:146: using 2 worker threads to decompress bgzip file
vcfanno.go:195: Info Error: AF not found in INFO >> this error/warning may occur many times. reporting once here...
vcfanno.go:250: annotated 1465 variants in 6.68 seconds (219.3 / second)
✓ chr6 processed

=============================================
vcfanno version 0.3.7 [built with go1.24.6]

see: https://github.com/brentp/vcfanno
=============================================
vcfanno.go:116: found 1 sources from 1 files
vcfanno.go:146: using 2 worker threads to decompress bgzip file
vcfanno.go:250: annotated 702 variants in 4.97 seconds (141.4 / second)
vcfanno.go:250: annotated 2232 variants in 14.91 seconds (149.7 / second)
✓ chr14 processed
✓ chr1 processed

=============================================
vcfanno version 0.3.7 [built with go1.24.6]

see: https://github.com/brentp/vcfanno
=============================================
vcfanno.go:116: found 1 sources from 1 files
vcfanno.go:146: using 2 worker threads to decompress bgzip file

=============================================
vcfanno version 0.3.7 [built with go1.24.6]

see: https://github.com/brentp/vcfanno
=============================================
vcfanno.go:116: found 1 sources from 1 files
vcfanno.go:146: using 2 worker threads to decompress bgzip file
vcfanno.go:250: annotated 1524 variants in 10.35 seconds (147.2 / second)
✓ chr11 processed
vcfanno.go:250: annotated 1433 variants in 9.61 seconds (149.1 / second)
✓ chr2 processed
vcfanno.go:250: annotated 980 variants in 8.90 seconds (110.1 / second)
✓ chr16 processed
vcfanno.go:250: annotated 256 variants in 1.41 seconds (181.0 / second)
vcfanno.go:250: annotated 557 variants in 4.28 seconds (130.0 / second)
✓ chr21 processed
✓ chr20 processed
vcfanno.go:250: annotated 739 variants in 2.81 seconds (262.8 / second)
✓ chr8 processed
vcfanno.go:250: annotated 1262 variants in 9.15 seconds (137.9 / second)
✓ chr17 processed
vcfanno.go:250: annotated 1820 variants in 7.79 seconds (233.6 / second)
✓ chr19 processed
Merging results...
Checking the headers and starting positions of 22 files
Calculating statistics...
============================================================
Annotation Complete!
Total Time: 21.347488959s
Total Variants: 21693
Annotated Variants (gnomAD_AF found): 21552 (99.35%)
============================================================
[20:07:35]   输出: /Volumes/T9/herita-project/results/HG001_cds_annotated.vcf (21693 个变异)
[20:07:35] Step2: 频率过滤 (gnomAD_AF < 0.01 或为空)
[20:07:35]   保留: 879 (AF<0.01或为空), 过滤: 20814
[20:07:35]   输出: /Volumes/T9/herita-project/results/HG001_cds_filtered.vcf
[20:07:35] Step2.5: dbNSFP 评分注释
[20:07:35] [CMD] vcfanno dbNSFP scores
[20:07:35]       vcfanno -lua /Volumes/T9/herita-project/config/vcfanno_functions.lua /Volumes/T9/herita-project/config/vcfanno_dbnsfp_scores.toml /Volumes/T9/herita-project/results/HG001_cds_filtered.vcf

=============================================
vcfanno version 0.3.7 [built with go1.24.6]

see: https://github.com/brentp/vcfanno
=============================================
vcfanno.go:116: found 11 sources from 1 files
vcfanno.go:157: falling back to non-bgzip
api.go:811: WARNING: using op 'self' when with Number='1' for '' from '/Volumes/T9/herita-project/input_data/dbNSFP5.3a_grch38_lite.tsv.gz' can result in out-of-order values when the query is multi-allelic
api.go:812:        : this is not an issue if the query has been decomposed.
api.go:811: WARNING: using op 'self' when with Number='1' for '' from '/Volumes/T9/herita-project/input_data/dbNSFP5.3a_grch38_lite.tsv.gz' can result in out-of-order values when the query is multi-allelic
api.go:812:        : this is not an issue if the query has been decomposed.
api.go:811: WARNING: using op 'self' when with Number='1' for '' from '/Volumes/T9/herita-project/input_data/dbNSFP5.3a_grch38_lite.tsv.gz' can result in out-of-order values when the query is multi-allelic
api.go:812:        : this is not an issue if the query has been decomposed.
api.go:811: WARNING: using op 'self' when with Number='1' for '' from '/Volumes/T9/herita-project/input_data/dbNSFP5.3a_grch38_lite.tsv.gz' can result in out-of-order values when the query is multi-allelic
api.go:812:        : this is not an issue if the query has been decomposed.
api.go:811: WARNING: using op 'self' when with Number='1' for '' from '/Volumes/T9/herita-project/input_data/dbNSFP5.3a_grch38_lite.tsv.gz' can result in out-of-order values when the query is multi-allelic
api.go:812:        : this is not an issue if the query has been decomposed.
api.go:811: WARNING: using op 'self' when with Number='1' for '' from '/Volumes/T9/herita-project/input_data/dbNSFP5.3a_grch38_lite.tsv.gz' can result in out-of-order values when the query is multi-allelic
api.go:812:        : this is not an issue if the query has been decomposed.
api.go:811: WARNING: using op 'self' when with Number='1' for '' from '/Volumes/T9/herita-project/input_data/dbNSFP5.3a_grch38_lite.tsv.gz' can result in out-of-order values when the query is multi-allelic
api.go:812:        : this is not an issue if the query has been decomposed.
api.go:811: WARNING: using op 'self' when with Number='1' for '' from '/Volumes/T9/herita-project/input_data/dbNSFP5.3a_grch38_lite.tsv.gz' can result in out-of-order values when the query is multi-allelic
api.go:812:        : this is not an issue if the query has been decomposed.
api.go:811: WARNING: using op 'self' when with Number='1' for '' from '/Volumes/T9/herita-project/input_data/dbNSFP5.3a_grch38_lite.tsv.gz' can result in out-of-order values when the query is multi-allelic
api.go:812:        : this is not an issue if the query has been decomposed.
api.go:811: WARNING: using op 'self' when with Number='1' for '' from '/Volumes/T9/herita-project/input_data/dbNSFP5.3a_grch38_lite.tsv.gz' can result in out-of-order values when the query is multi-allelic
api.go:812:        : this is not an issue if the query has been decomposed.
api.go:811: WARNING: using op 'self' when with Number='1' for '' from '/Volumes/T9/herita-project/input_data/dbNSFP5.3a_grch38_lite.tsv.gz' can result in out-of-order values when the query is multi-allelic
api.go:812:        : this is not an issue if the query has been decomposed.
vcfanno.go:250: annotated 879 variants in 1.49 seconds (591.4 / second)
[20:07:37]   输出: /Volumes/T9/herita-project/results/HG001_cds_filtered_dbnsfp.vcf (879 个变异)
[20:07:37] Step3: 统计变异类型并检查 dbNSFP 命中
[20:07:37]   变异统计: SNV=839, indel=40, 总计=879
[20:07:37]   SNV dbNSFP 命中: 326/839
[20:07:37]   SNV dbNSFP 未命中: 513/839
[20:07:37]   Branch A (SNV+dbNSFP命中): 326 个变异
[20:07:37]   Branch B (indel+SNV未命中): 553 个变异
[20:07:37] Branch A: 运行旧流程 (326 个变异)
[20:07:44] [CMD] run_pipeline.py (Branch A)
[20:07:44]       /Users/chaohe/miniconda3/bin/python /Volumes/T9/herita-project/scripts/run_pipeline.py --clean
🧬 VCF文件gnomAD频率注释与筛选 - 第一步
============================================================
✅ 所有必要工具已安装
   vcfanno: vcfanno version 0.3.7 [built with go1.24.6]
   bcftools: bcftools
✅ 所有输入文件存在
📁 输入VCF: input_data/HG001.vcf
📄 dbNSFP数据库: input_data/dbNSFP5.3a_grch38_lite.tsv.gz
✅ 创建vcfanno配置文件: config/vcfanno_gnomad_step1.toml

🧬 开始vcfanno注释...
输入文件: input_data/HG001.vcf
配置文件: config/vcfanno_gnomad_step1.toml
输出文件: temp/vcf1_annotated.vcf
============================================================
✅ vcfanno注释成功完成
处理时间: 0.48秒

🔍 开始gnomAD频率筛选...
输入文件: temp/vcf1_annotated.vcf
输出文件: results/vcf1.vcf
筛选条件: gnomAD4.1_joint_POPMAX_AF < 0.01 且不为空
============================================================

🎉 gnomAD频率筛选完成！
总处理时间: 0.00秒
处理速度: 76955.4 变异/秒

📊 筛选统计:
  原始变异数量: 326
  通过筛选变异: 272
  筛选保留比例: 83.44%
  筛选失败变异: 54
  缺少gnomAD信息的变异: 0

🔍 验证结果文件...
✅ 结果文件验证通过
📊 最终变异数量: 272

============================================================
🎉 第一步处理完成！
总处理时间: 0.50秒
  - vcfanno注释: 0.48秒
  - gnomAD筛选: 0.00秒
最终结果: 272 个变异
输出文件: results/vcf1.vcf

✅ 详细报告已保存到: results/STEP1_GNOMAD_ANNOTATION_REPORT.md
🚀 准备进行第二步处理...
🧬 VCF文件gnomAD质量注释 - 第二步
============================================================
检查vcf1文件状态...
✅ vcf1文件存在
📊 vcf1变异数量: 272

检查依赖工具...
✅ vcfanno工具已安装

检查数据文件...
✅ dbNSFP文件存在: input_data/dbNSFP5.3a_grch38_lite.tsv.gz
📄 dbNSFP文件大小: 1,203,361,502 bytes

创建注释配置...
✅ 创建vcfanno配置文件: /Volumes/T9/herita-project/config/vcfanno_gnomad_flag.toml

🧬 开始gnomAD flag注释...
输入文件: results/vcf1.vcf
配置文件: /Volumes/T9/herita-project/config/vcfanno_gnomad_flag.toml
输出文件: results/vcf2.vcf
注释字段: gnomAD4.1_joint_flag (dbNSFP第26列)
============================================================
✅ vcfanno注释成功完成
处理时间: 0.33秒

🔍 验证vcf2文件...
📊 vcf2变异数量: 272
✅ 变异数量匹配vcf1
📊 gnomAD flag为'.'的变异: 0

📋 vcf2示例变异 (前5个):
============================================================
1. chr1:948519:T>G
   gnomAD频率: 3.220640e-05
   gnomAD标志: N/A

2. chr1:1487901:G>A
   gnomAD频率: 6.600660e-04
   gnomAD标志: N/A

3. chr1:2408634:C>G
   gnomAD频率: 1.635950e-03
   gnomAD标志: N/A

4. chr1:6082358:C>T
   gnomAD频率: 2.480940e-05
   gnomAD标志: N/A

5. chr1:9735980:C>T
   gnomAD频率: 4.391840e-05
   gnomAD标志: N/A


============================================================
🎉 第二步处理完成！
总处理时间: 0.39秒
  - vcfanno注释: 0.33秒
输入变异数量: 272
输出文件: results/vcf2.vcf
最终变异数量: 272

✅ 详细报告已保存到: results/STEP2_GNOMAD_FLAG_ANNOTATION_REPORT.md
🚀 准备进行第三步测序质量筛选...
🧬 VCF文件测序质量筛选 - 第三步
============================================================
检查vcf2文件状态...
✅ vcf2文件存在
📊 vcf2变异数量: 272

📊 分析vcf2质量指标分布...
==================================================
变异总数: 272
有QUAL信息的变异: 272
有FILTER信息的变异: 272
FILTER=PASS的变异: 0
有DP信息的变异: 272
有GQ信息的变异: 272


🧬 开始测序质量筛选...
输入文件: results/vcf2.vcf
输出文件: results/vcf3.vcf
筛选条件:
  - QUAL >= 30
  - FILTER = PASS
  - DP >= 30
  - GQ >= 60
==================================================
已处理 50 个变异，通过 49 个
已处理 100 个变异，通过 99 个
已处理 150 个变异，通过 143 个
已处理 200 个变异，通过 192 个
已处理 250 个变异，通过 242 个

🎉 测序质量筛选完成！
总处理时间: 0.00秒
处理速度: 84127.3 变异/秒

📊 筛选统计:
  原始变异数量: 272
  通过筛选变异: 265
  筛选保留比例: 97.43%
  筛选失败变异: 7

📊 筛选失败原因:
  QUAL < 30: 0
  FILTER ≠ PASS: 6
  DP < 30: 0
  GQ < 60: 1
  信息缺失: 0

🔍 验证vcf3文件...
✅ 结果文件验证通过
📊 vcf3变异数量: 265
✅ 变异数量符合预期 (≥ 0)

📋 vcf3示例变异 (前5个通过筛选的变异):
============================================================
1. chr1:948519:T>G
   QUAL: 50.0
   FILTER: PASS
   DP: 669
   GQ: 839

2. chr1:1487901:G>A
   QUAL: 50.0
   FILTER: PASS
   DP: 827
   GQ: 735

3. chr1:2408634:C>G
   QUAL: 50.0
   FILTER: PASS
   DP: 857
   GQ: 700

4. chr1:6082358:C>T
   QUAL: 50.0
   FILTER: PASS
   DP: 768
   GQ: 872

5. chr1:9735980:C>T
   QUAL: 50.0
   FILTER: PASS
   DP: 1164
   GQ: 1412


============================================================
🎉 第三步处理完成！
总处理时间: 0.11秒
  - 质量指标分析: 完成
  - 质量筛选: 0.00秒
输入变异数量: 272
输出变异数量: 265
筛选保留比例: 97.43%
输出文件: results/vcf3.vcf

✅ 详细报告已保存到: results/STEP3_SEQUENCING_QUALITY_FILTER_REPORT.md
🚀 准备进行第四步ClinVar注释...
🧬 ClinVar注释 - 优化版 (使用tabix按需查询)
============================================================
📊 vcf3变异数量: 265

变异 chr1:171636247 T>C 被删除: Likely_benign, reviewed_by_expert_panel
变异 chr6:160706469 A>G 进入决赛圈: Pathogenic/Likely_pathogenic, criteria_provided,_multiple_submitters,_no_conflicts
变异 chr12:102840474 T>C 进入决赛圈: Pathogenic, reviewed_by_expert_panel

处理完成！
总处理变异行数: 265
进入决赛圈 (final_clinvar.vcf): 2
保留在vcf4中: 262
从vcf4中删除: 1
验证: 2 + 262 + 1 = 265

⏱️ 总耗时: 5.42 秒
🧬 dbscSNV注释 - 优化版 (按需查询)
============================================================
📊 vcf4变异数量: 262
从dbscSNV查询 262 个位点...
dbscSNV匹配到 0 个位点

开始处理VCF文件...

处理完成！
总变异行数: 262
dbscSNV匹配成功: 0 (0.0%)
高分变异(ada>0.6&rf>0.6): 0
进入dbscSNV决赛圈 (final_dbscSNV.vcf): 0
保留在vcf5中: 262
验证: 262 = 262

⏱️ 总耗时: 3.66 秒
2025-12-09 20:07:55,037 - INFO - 开始执行步骤6: dbNSFP注释和变异筛选
2025-12-09 20:07:55,037 - INFO - 开始使用vcfanno注释变异...
2025-12-09 20:07:55,326 - INFO - vcfanno注释完成，结果保存到: /Volumes/T9/herita-project/results/vcf5_annotated.vcf
2025-12-09 20:07:55,326 - INFO - 开始根据有害性评分筛选变异...
2025-12-09 20:07:55,344 - INFO - 找到 150 个满足至少2个条件的变异
2025-12-09 20:07:55,365 - INFO - 变异筛选完成，结果保存到: /Volumes/T9/herita-project/results/vcf6.vcf
2025-12-09 20:07:55,403 - INFO - 原始变异数量 (vcf5): 262
2025-12-09 20:07:55,403 - INFO - 注释后变异数量 (vcf5_annotated): 262
2025-12-09 20:07:55,403 - INFO - 筛选后变异数量 (vcf6): 150
2025-12-09 20:07:55,403 - INFO - 筛选比例: 57.25%
2025-12-09 20:07:55,403 - INFO - 步骤6执行完成!
2025-12-09 20:07:55,403 - INFO - 成功从 262 个变异中筛选出 150 个满足条件的变异
2025-12-09 20:07:55,440 - INFO - 开始执行步骤7: 最终Top变异选择
2025-12-09 20:07:55,440 - INFO - 开始对变异进行打分...
2025-12-09 20:07:55,451 - INFO - 成功为 150 个变异打分
2025-12-09 20:07:55,452 - INFO - 选择得分最高的变异，确保至少包含 50 个变异...
2025-12-09 20:07:55,452 - INFO - 成功选出 66 个变异
2025-12-09 20:07:55,452 - INFO - 第50名得分为: 4分
2025-12-09 20:07:55,452 - INFO - 得分范围: 11 - 4
2025-12-09 20:07:55,452 - INFO - 创建final_top.vcf文件...
2025-12-09 20:07:55,474 - INFO - 成功创建 /Volumes/T9/herita-project/results/final_top.vcf
2025-12-09 20:07:55,493 - INFO - final_top.vcf包含 66 个变异
2025-12-09 20:07:55,493 - INFO - 生成详细报告...
2025-12-09 20:07:55,506 - INFO - 成功生成报告: /Volumes/T9/herita-project/docs/final_top_report.md
2025-12-09 20:07:55,506 - INFO - 步骤7执行完成!
2025-12-09 20:07:55,506 - INFO - 成功选出66个最高得分变异保存到: /Volumes/T9/herita-project/results/final_top.vcf
2025-12-09 20:07:55,506 - INFO - 详细报告保存到: /Volumes/T9/herita-project/docs/final_top_report.md
2025-12-09 20:07:55,543 - INFO - ============================================================
2025-12-09 20:07:55,543 - INFO - 步骤8: 整合三个决赛圈文件并补全注释 (优化版)
2025-12-09 20:07:55,544 - INFO - ============================================================
2025-12-09 20:07:55,549 - INFO - 开始合并三个决赛圈VCF文件...
2025-12-09 20:07:55,549 - INFO - 读取文件: /Volumes/T9/herita-project/results/final_clinvar.vcf
2025-12-09 20:07:55,550 - INFO - 读取文件: /Volumes/T9/herita-project/results/final_dbscSNV.vcf
2025-12-09 20:07:55,550 - INFO - 读取文件: /Volumes/T9/herita-project/results/final_top.vcf
2025-12-09 20:07:55,556 - INFO - 成功合并VCF文件: 68 个唯一变异
2025-12-09 20:07:55,556 - INFO - 开始对变异进行注释...
2025-12-09 20:07:55,556 - INFO - 从dbscSNV查询 68 个位点...
2025-12-09 20:07:59,400 - INFO - dbscSNV匹配到 0 个位点
2025-12-09 20:08:00,650 - INFO - 注释完成: 共处理 68 个变异
2025-12-09 20:08:00,650 - INFO -   - dbNSFP匹配: 68 个
2025-12-09 20:08:00,650 - INFO -   - dbscSNV匹配: 0 个
2025-12-09 20:08:00,650 - INFO - 生成最终结果文件...
2025-12-09 20:08:00,652 - INFO - 最终结果文件: /Volumes/T9/herita-project/results/final_integrated.vcf
2025-12-09 20:08:00,652 - INFO - 最终变异数量: 68
2025-12-09 20:08:00,652 - INFO - ============================================================
2025-12-09 20:08:00,652 - INFO - 步骤8完成! 总耗时: 5.1 秒
2025-12-09 20:08:00,652 - INFO - ============================================================

======================================================================
Step 9: InterVar-style ACMG Classification
======================================================================

[1/3] 加载 InterVar 知识库...
  [intervardb] 加载 6213 个 LOF 不耐受基因 (PVS1)
  [intervardb] 加载 38353 个已知致病氨基酸改变 (PS1)
  [intervardb] 加载 1237 个功能域记录 (PM1)
  [intervardb] 加载 931 个错义致病基因 (PP2)
  [intervardb] 加载 1449 个截断良性基因 (BP1)
  [intervardb] 加载 5665742 个健康人群变异 (BS2)
  [intervardb] 加载 1154 个病例对照显著变异 (PS4)

[2/3] 评估 ACMG 证据...
  读取 68 个变异

[3/3] 写入结果...

--------------------------------------------------
ACMG 分类结果统计:
--------------------------------------------------
  Pathogenic                    :   0 (  0.0%) 
  Likely_pathogenic             :   0 (  0.0%) 
  Uncertain_significance        :  62 ( 91.2%) █████████████████████████████████████████████
  Likely_benign                 :   6 (  8.8%) ████
  Benign                        :   0 (  0.0%) 
--------------------------------------------------
  总计: 68 个变异

输出文件:
  - VCF: /Volumes/T9/herita-project/results/final_intervar_classified.vcf
  - 报告: /Volumes/T9/herita-project/results/STEP9_INTERVAR_ACMG_REPORT.md

✓ Step 9 完成!

======================================================================
Step 10: Generating Detailed ACMG Analysis Log
======================================================================
Input VCF: /Volumes/T9/herita-project/results/final_intervar_classified.vcf
Output Log: /Volumes/T9/herita-project/results/STEP10_ACMG_DETAILED_LOG.txt

[1/3] Loading knowledge base (reusing Step 9 logic)...
  [intervardb] 加载 6213 个 LOF 不耐受基因 (PVS1)
  [intervardb] 加载 38353 个已知致病氨基酸改变 (PS1)
  [intervardb] 加载 1237 个功能域记录 (PM1)
  [intervardb] 加载 931 个错义致病基因 (PP2)
  [intervardb] 加载 1449 个截断良性基因 (BP1)
  [intervardb] 加载 5665742 个健康人群变异 (BS2)
  [intervardb] 加载 1154 个病例对照显著变异 (PS4)

[2/3] Reading variants from /Volumes/T9/herita-project/results/final_intervar_classified.vcf...
  Processing 68 variants...

[3/3] Generating detailed log...

Detailed log generated: /Volumes/T9/herita-project/results/STEP10_ACMG_DETAILED_LOG.txt
✓ Step 10 Completed!
======================================================================
HERITA 变异筛选流水线
======================================================================
开始时间: 2025-12-09 20:07:44
项目目录: /Volumes/T9/herita-project
======================================================================

📁 清理之前的结果文件...
   删除: vcf1.vcf
   删除: vcf2.vcf
   删除: vcf3.vcf
   删除: vcf4.vcf
   删除: vcf5.vcf
   删除: vcf5_annotated.vcf
   删除: vcf6.vcf
   删除: final_clinvar.vcf
   删除: final_dbscSNV.vcf
   删除: final_top.vcf
   删除: merged_final.vcf
   删除: merged_annotated.vcf
   删除: final_integrated.vcf
   删除: final_intervar_classified.vcf
   删除: STEP10_ACMG_DETAILED_LOG.txt
   共清理 15 个文件

📄 输入文件: /Volumes/T9/herita-project/input_data/HG001.vcf
   变异数量: 326

🚀 将执行步骤: Step 1 ~ Step 10

======================================================================
Step 1: gnomAD频率注释与过滤
脚本: step1_gnomad_annotation_filter.py
======================================================================

✅ Step 1 完成 (耗时: 0:00:00.589687)

======================================================================
Step 2: gnomAD Flag注释
脚本: step2_gnomad_flag_annotation.py
======================================================================

✅ Step 2 完成 (耗时: 0:00:00.453964)

======================================================================
Step 3: 测序质量过滤
脚本: step3_sequencing_quality_filter.py
======================================================================

✅ Step 3 完成 (耗时: 0:00:00.157287)

======================================================================
Step 4: ClinVar注释
脚本: step4_clinvar_annotation.py
======================================================================

✅ Step 4 完成 (耗时: 0:00:05.461764)

======================================================================
Step 5: dbscSNV注释
脚本: step5_dbscSNV_annotation.py
======================================================================

✅ Step 5 完成 (耗时: 0:00:03.681506)

======================================================================
Step 6: dbNSFP多评分注释与过滤
脚本: step6_dbNSFP_annotation_filter.py
======================================================================

✅ Step 6 完成 (耗时: 0:00:00.398470)

======================================================================
Step 7: 最终Top50筛选
脚本: step7_final_top50_selection.py
======================================================================

✅ Step 7 完成 (耗时: 0:00:00.102485)

======================================================================
Step 8: 最终整合
脚本: step8_final_integration.py
======================================================================

✅ Step 8 完成 (耗时: 0:00:05.146607)

======================================================================
Step 9: InterVar ACMG分类
脚本: step9_intervar_acmg.py
======================================================================

✅ Step 9 完成 (耗时: 0:00:03.336449)

======================================================================
Step 10: 生成详细ACMG分析日志
脚本: step10_acmg_detailed_report.py
======================================================================

✅ Step 10 完成 (耗时: 0:00:03.552836)

======================================================================
流水线执行摘要
======================================================================

文件                                                   变异数
------------------------------------------------------------
输入文件                                                 326
Step 1 (gnomAD过滤后)                                   272
Step 2 (gnomAD Flag后)                                272
Step 3 (质量过滤后)                                       265
Step 4 (ClinVar注释后)                                  262
Step 5 (dbscSNV注释后)                                  262
Step 6 (评分过滤后)                                       150
ClinVar致病变异                                            2
dbscSNV高分变异                                            0
Top50高分变异                                             66
最终整合结果                                                68
ACMG分类结果                                              68

======================================================================
✅ 最终结果: /Volumes/T9/herita-project/results/final_intervar_classified.vcf
======================================================================

总耗时: 0:00:22.882318

✅ 流水线执行完成！
[20:08:07]   Branch A 输出: /Volumes/T9/herita-project/results/HG001_branchA_annotated.vcf
[20:08:15] Branch B - Step B1: snpEff 注释 (553 个变异)
[20:08:15] [CMD] snpEff annotation
[20:08:15]       /opt/homebrew/opt/openjdk@21/bin/java -Xmx4g -jar /Volumes/T9/snpEff/snpEff/snpEff.jar -canon -noStats...
[20:09:20]   输出: /Volumes/T9/herita-project/results/HG001_branchB_snpeff.vcf
[20:09:20] Branch B - Step B2: 影响力过滤 (保留 ('HIGH', 'MODERATE'))
[20:09:20]   保留: 175/553
[20:09:20]   输出: /Volumes/T9/herita-project/results/HG001_branchB_snpeff_filtered.vcf
[20:09:20] Branch B - Step B3: VEP REST 注释 (175 个变异, batch=100)
[20:09:20]     VEP batch 1/2
[20:09:46]     VEP batch 2/2
[20:10:36]   输出: /Volumes/T9/herita-project/results/HG001_branchB_vep.vcf
[20:10:37] Branch B - Step B4: 致病性过滤 (>= 2 个条件)
[20:10:37]   保留: 2/175
[20:10:37]   输出: /Volumes/T9/herita-project/results/HG001_branchB_pathogenic.vcf
[20:10:37] Branch B - Step B5: 整合 snpEff + VEP 注释
[20:10:37]   输出: /Volumes/T9/herita-project/results/HG001_branchB_annotated.vcf (2 个变异)
[20:10:37] Step10: 最终整合
[20:10:37]   Branch B: 2 个变异
[20:10:37]   Branch A: 68 个新变异
[20:10:37]   最终输出: /Volumes/T9/herita-project/results/HG001_final_annotated.vcf (70 个变异)
[20:10:37] 验证结果: /Volumes/T9/herita-project/results/HG001_final_annotated.vcf
[20:10:37]   总变异数: 70
[20:10:37]   snpEff ANN: 2/70
[20:10:37]   VEP_CADD: 2/70
[20:10:37]   VEP_SpliceAI: 1/70
[20:10:37]   VEP_ClinVar: 2/70
[20:10:37] ============================================================
[20:10:37] 完成! 最终输出: /Volumes/T9/herita-project/results/HG001_final_annotated.vcf
[20:10:37] ============================================================
