[21:50:12] ============================================================
[21:50:12] HERITA 双分支流水线 v2
[21:50:12] 开始时间: 2025-12-09 21:50:12
[21:50:12] 输入: /Volumes/T9/herita-project/input_data/HG001.vcf
[21:50:12] 前缀: HG001
[21:50:12] 参数: MAF<0.01, VEP批次=100, 致病性最小命中=1
[21:50:12] ============================================================
[21:50:12] ========== Step0: CDS交集预处理 开始 ==========
[21:50:12] Step0: CDS 交集预处理
[21:50:12]   输入: /Volumes/T9/herita-project/input_data/HG001.vcf
[21:50:12]   CDS BED: /Volumes/T9/herita-project/annotation_data/hg38_cds.bed.gz
[21:50:12] [CMD] bedtools intersect
[21:50:12]       bedtools intersect -header -a /Volumes/T9/herita-project/input_data/HG001.vcf -b...
[21:50:17]   输出: /Volumes/T9/herita-project/results/HG001_cds.vcf (21695 个变异)
[21:50:17] ========== Step0: CDS交集预处理 完成 (耗时: 4.95秒) ==========
[21:50:17] ========== Step1: gnomAD频率注释 开始 ==========
[21:50:17] Step1: gnomAD 频率注释（精简版）
[21:50:17] [CMD] gnomAD annotation (Go)
[21:50:17]       /Volumes/T9/herita-project/herita-pipeline-go/cmd/gnomad_annotate/gnomad_annotate -input /Volumes/T9/herita-project/results/HG001_cds.vcf -output /Volumes/T9/herita-project/results/HG001_cds_annotated.vcf.gz...
[21:50:17]       日志将写入: /Volumes/T9/herita-project/temp/gnomad_annotation.log
[21:50:44] Go工具执行完成,最后输出:
  ✓ chr19 processed
  Merging results...
  Checking the headers and starting positions of 22 files
  Calculating statistics...
  ============================================================
  Annotation Complete!
  Total Time: 26.861867125s
  Total Variants: 21695
  Annotated Variants (gnomAD_AF found): 21554 (99.35%)
  ============================================================
[21:50:44] 解压缩输出文件...
[21:50:44]   输出: /Volumes/T9/herita-project/results/HG001_cds_annotated.vcf (21695 个变异)
[21:50:44] ========== Step1: gnomAD频率注释 完成 (耗时: 26.92秒) ==========
[21:50:44] ========== Step2: 频率过滤 开始 ==========
[21:50:44] Step2: 频率过滤 (gnomAD_AF < 0.01 或为空)
[21:50:44]   保留: 881 (AF<0.01或为空), 过滤: 20814
[21:50:44]   输出: /Volumes/T9/herita-project/results/HG001_cds_filtered.vcf
[21:50:44] ========== Step2: 频率过滤 完成 (耗时: 0.06秒) ==========
[21:50:44] ========== Step2.5: dbNSFP评分注释 开始 ==========
[21:50:44] Step2.5: dbNSFP 评分注释
[21:50:44] [CMD] vcfanno dbNSFP scores
[21:50:44]       vcfanno -lua /Volumes/T9/herita-project/config/vcfanno_functions.lua /Volumes/T9/herita-project/config/vcfanno_dbnsfp_scores.toml /Volumes/T9/herita-project/results/HG001_cds_filtered.vcf

=============================================
vcfanno version 0.3.7 [built with go1.24.6]

see: https://github.com/brentp/vcfanno
=============================================
vcfanno.go:116: found 11 sources from 1 files
vcfanno.go:157: falling back to non-bgzip
api.go:811: WARNING: using op 'self' when with Number='1' for '' from '/Volumes/T9/herita-project/input_data/dbNSFP5.3a_grch38_lite.tsv.gz' can result in out-of-order values when the query is multi-allelic
api.go:812:        : this is not an issue if the query has been decomposed.
api.go:811: WARNING: using op 'self' when with Number='1' for '' from '/Volumes/T9/herita-project/input_data/dbNSFP5.3a_grch38_lite.tsv.gz' can result in out-of-order values when the query is multi-allelic
api.go:812:        : this is not an issue if the query has been decomposed.
api.go:811: WARNING: using op 'self' when with Number='1' for '' from '/Volumes/T9/herita-project/input_data/dbNSFP5.3a_grch38_lite.tsv.gz' can result in out-of-order values when the query is multi-allelic
api.go:812:        : this is not an issue if the query has been decomposed.
api.go:811: WARNING: using op 'self' when with Number='1' for '' from '/Volumes/T9/herita-project/input_data/dbNSFP5.3a_grch38_lite.tsv.gz' can result in out-of-order values when the query is multi-allelic
api.go:812:        : this is not an issue if the query has been decomposed.
api.go:811: WARNING: using op 'self' when with Number='1' for '' from '/Volumes/T9/herita-project/input_data/dbNSFP5.3a_grch38_lite.tsv.gz' can result in out-of-order values when the query is multi-allelic
api.go:812:        : this is not an issue if the query has been decomposed.
api.go:811: WARNING: using op 'self' when with Number='1' for '' from '/Volumes/T9/herita-project/input_data/dbNSFP5.3a_grch38_lite.tsv.gz' can result in out-of-order values when the query is multi-allelic
api.go:812:        : this is not an issue if the query has been decomposed.
api.go:811: WARNING: using op 'self' when with Number='1' for '' from '/Volumes/T9/herita-project/input_data/dbNSFP5.3a_grch38_lite.tsv.gz' can result in out-of-order values when the query is multi-allelic
api.go:812:        : this is not an issue if the query has been decomposed.
api.go:811: WARNING: using op 'self' when with Number='1' for '' from '/Volumes/T9/herita-project/input_data/dbNSFP5.3a_grch38_lite.tsv.gz' can result in out-of-order values when the query is multi-allelic
api.go:812:        : this is not an issue if the query has been decomposed.
api.go:811: WARNING: using op 'self' when with Number='1' for '' from '/Volumes/T9/herita-project/input_data/dbNSFP5.3a_grch38_lite.tsv.gz' can result in out-of-order values when the query is multi-allelic
api.go:812:        : this is not an issue if the query has been decomposed.
api.go:811: WARNING: using op 'self' when with Number='1' for '' from '/Volumes/T9/herita-project/input_data/dbNSFP5.3a_grch38_lite.tsv.gz' can result in out-of-order values when the query is multi-allelic
api.go:812:        : this is not an issue if the query has been decomposed.
api.go:811: WARNING: using op 'self' when with Number='1' for '' from '/Volumes/T9/herita-project/input_data/dbNSFP5.3a_grch38_lite.tsv.gz' can result in out-of-order values when the query is multi-allelic
api.go:812:        : this is not an issue if the query has been decomposed.
vcfanno.go:250: annotated 881 variants in 1.09 seconds (806.1 / second)
[21:50:45]   输出: /Volumes/T9/herita-project/results/HG001_cds_filtered_dbnsfp.vcf (881 个变异)
[21:50:45] ========== Step2.5: dbNSFP评分注释 完成 (耗时: 1.13秒) ==========
[21:50:45] ========== Step3: 变异分类拆分 开始 ==========
[21:50:45] Step3: 统计变异类型并检查 dbNSFP 命中
[21:50:45]   变异统计: SNV=841, indel=40, 总计=881
[21:50:45]   SNV dbNSFP 命中: 328/841
[21:50:45]   SNV dbNSFP 未命中: 513/841
[21:50:45]   Branch A (SNV+dbNSFP命中): 328 个变异
[21:50:45]   Branch B (indel+SNV未命中): 553 个变异
[21:50:45] ========== Step3: 变异分类拆分 完成 (耗时: 0.01秒) ==========
[21:50:45] ========== Branch A: 旧流程处理 开始 ==========
[21:50:45] Branch A: 运行旧流程 (328 个变异)
[21:50:48] [CMD] run_pipeline.py (Branch A)
[21:50:48]       /Users/chaohe/miniconda3/bin/python /Volumes/T9/herita-project/scripts/run_pipeline.py --clean
🧬 VCF文件gnomAD频率注释与筛选 - 第一步
============================================================
✅ 所有必要工具已安装
   vcfanno: vcfanno version 0.3.7 [built with go1.24.6]
   bcftools: bcftools
✅ 所有输入文件存在
📁 输入VCF: input_data/HG001.vcf
📄 dbNSFP数据库: input_data/dbNSFP5.3a_grch38_lite.tsv.gz
✅ 创建vcfanno配置文件: config/vcfanno_gnomad_step1.toml

🧬 开始vcfanno注释...
输入文件: input_data/HG001.vcf
配置文件: config/vcfanno_gnomad_step1.toml
输出文件: temp/vcf1_annotated.vcf
============================================================
✅ vcfanno注释成功完成
处理时间: 0.27秒

🔍 开始gnomAD频率筛选...
输入文件: temp/vcf1_annotated.vcf
输出文件: results/vcf1.vcf
筛选条件: gnomAD4.1_joint_POPMAX_AF < 0.01 且不为空
============================================================

🎉 gnomAD频率筛选完成！
总处理时间: 0.00秒
处理速度: 87866.9 变异/秒

📊 筛选统计:
  原始变异数量: 328
  通过筛选变异: 274
  筛选保留比例: 83.54%
  筛选失败变异: 54
  缺少gnomAD信息的变异: 0

🔍 验证结果文件...
✅ 结果文件验证通过
📊 最终变异数量: 274

============================================================
🎉 第一步处理完成！
总处理时间: 0.28秒
  - vcfanno注释: 0.27秒
  - gnomAD筛选: 0.00秒
最终结果: 274 个变异
输出文件: results/vcf1.vcf

✅ 详细报告已保存到: results/STEP1_GNOMAD_ANNOTATION_REPORT.md
🚀 准备进行第二步处理...
🧬 VCF文件gnomAD质量注释 - 第二步
============================================================
检查vcf1文件状态...
✅ vcf1文件存在
📊 vcf1变异数量: 274

检查依赖工具...
✅ vcfanno工具已安装

检查数据文件...
✅ dbNSFP文件存在: input_data/dbNSFP5.3a_grch38_lite.tsv.gz
📄 dbNSFP文件大小: 1,203,361,502 bytes

创建注释配置...
✅ 创建vcfanno配置文件: /Volumes/T9/herita-project/config/vcfanno_gnomad_flag.toml

🧬 开始gnomAD flag注释...
输入文件: results/vcf1.vcf
配置文件: /Volumes/T9/herita-project/config/vcfanno_gnomad_flag.toml
输出文件: results/vcf2.vcf
注释字段: gnomAD4.1_joint_flag (dbNSFP第26列)
============================================================
✅ vcfanno注释成功完成
处理时间: 0.21秒

🔍 验证vcf2文件...
📊 vcf2变异数量: 274
✅ 变异数量匹配vcf1
📊 gnomAD flag为'.'的变异: 0

📋 vcf2示例变异 (前5个):
============================================================
1. chr1:948519:T>G
   gnomAD频率: 3.220640e-05
   gnomAD标志: N/A

2. chr1:1487901:G>A
   gnomAD频率: 6.600660e-04
   gnomAD标志: N/A

3. chr1:2408634:C>G
   gnomAD频率: 1.635950e-03
   gnomAD标志: N/A

4. chr1:6082358:C>T
   gnomAD频率: 2.480940e-05
   gnomAD标志: N/A

5. chr1:9735980:C>T
   gnomAD频率: 4.391840e-05
   gnomAD标志: N/A


============================================================
🎉 第二步处理完成！
总处理时间: 0.24秒
  - vcfanno注释: 0.21秒
输入变异数量: 274
输出文件: results/vcf2.vcf
最终变异数量: 274

✅ 详细报告已保存到: results/STEP2_GNOMAD_FLAG_ANNOTATION_REPORT.md
🚀 准备进行第三步测序质量筛选...
🧬 VCF文件测序质量筛选 - 第三步
============================================================
检查vcf2文件状态...
✅ vcf2文件存在
📊 vcf2变异数量: 274

📊 分析vcf2质量指标分布...
==================================================
变异总数: 274
有QUAL信息的变异: 274
有FILTER信息的变异: 274
FILTER=PASS的变异: 0
有DP信息的变异: 274
有GQ信息的变异: 274


🧬 开始测序质量筛选...
输入文件: results/vcf2.vcf
输出文件: results/vcf3.vcf
筛选条件:
  - QUAL >= 30
  - FILTER = PASS
  - DP >= 30
  - GQ >= 60
==================================================
已处理 50 个变异，通过 49 个
已处理 100 个变异，通过 99 个
已处理 150 个变异，通过 143 个
已处理 200 个变异，通过 192 个
已处理 250 个变异，通过 242 个

🎉 测序质量筛选完成！
总处理时间: 0.00秒
处理速度: 61866.9 变异/秒

📊 筛选统计:
  原始变异数量: 274
  通过筛选变异: 267
  筛选保留比例: 97.45%
  筛选失败变异: 7

📊 筛选失败原因:
  QUAL < 30: 0
  FILTER ≠ PASS: 6
  DP < 30: 0
  GQ < 60: 1
  信息缺失: 0

🔍 验证vcf3文件...
✅ 结果文件验证通过
📊 vcf3变异数量: 267
✅ 变异数量符合预期 (≥ 0)

📋 vcf3示例变异 (前5个通过筛选的变异):
============================================================
1. chr1:948519:T>G
   QUAL: 50.0
   FILTER: PASS
   DP: 669
   GQ: 839

2. chr1:1487901:G>A
   QUAL: 50.0
   FILTER: PASS
   DP: 827
   GQ: 735

3. chr1:2408634:C>G
   QUAL: 50.0
   FILTER: PASS
   DP: 857
   GQ: 700

4. chr1:6082358:C>T
   QUAL: 50.0
   FILTER: PASS
   DP: 768
   GQ: 872

5. chr1:9735980:C>T
   QUAL: 50.0
   FILTER: PASS
   DP: 1164
   GQ: 1412


============================================================
🎉 第三步处理完成！
总处理时间: 0.03秒
  - 质量指标分析: 完成
  - 质量筛选: 0.00秒
输入变异数量: 274
输出变异数量: 267
筛选保留比例: 97.45%
输出文件: results/vcf3.vcf

✅ 详细报告已保存到: results/STEP3_SEQUENCING_QUALITY_FILTER_REPORT.md
🚀 准备进行第四步ClinVar注释...
🧬 ClinVar注释 - 优化版 (使用tabix按需查询)
============================================================
📊 vcf3变异数量: 267

变异 chr1:171636247 T>C 被删除: Likely_benign, reviewed_by_expert_panel
变异 chr6:160706469 A>G 进入决赛圈: Pathogenic/Likely_pathogenic, criteria_provided,_multiple_submitters,_no_conflicts
变异 chr10:87933147 C>T 进入决赛圈: Pathogenic, criteria_provided,_multiple_submitters,_no_conflicts
变异 chr12:102840474 T>C 进入决赛圈: Pathogenic, reviewed_by_expert_panel

处理完成！
总处理变异行数: 267
进入决赛圈 (final_clinvar.vcf): 3
保留在vcf4中: 263
从vcf4中删除: 1
验证: 3 + 263 + 1 = 267

⏱️ 总耗时: 3.23 秒
🧬 dbscSNV注释 - 优化版 (按需查询)
============================================================
📊 vcf4变异数量: 263
从dbscSNV查询 263 个位点...
dbscSNV匹配到 0 个位点

开始处理VCF文件...

处理完成！
总变异行数: 263
dbscSNV匹配成功: 0 (0.0%)
高分变异(ada>0.6&rf>0.6): 0
进入dbscSNV决赛圈 (final_dbscSNV.vcf): 0
保留在vcf5中: 263
验证: 263 = 263

⏱️ 总耗时: 3.12 秒
2025-12-09 21:50:55,151 - INFO - 开始执行步骤6: dbNSFP注释和变异筛选
2025-12-09 21:50:55,151 - INFO - 开始使用vcfanno注释变异...
2025-12-09 21:50:55,408 - INFO - vcfanno注释完成，结果保存到: /Volumes/T9/herita-project/results/vcf5_annotated.vcf
2025-12-09 21:50:55,408 - INFO - 开始根据有害性评分筛选变异...
2025-12-09 21:50:55,424 - INFO - 找到 151 个满足至少2个条件的变异
2025-12-09 21:50:55,445 - INFO - 变异筛选完成，结果保存到: /Volumes/T9/herita-project/results/vcf6.vcf
2025-12-09 21:50:55,490 - INFO - 原始变异数量 (vcf5): 263
2025-12-09 21:50:55,491 - INFO - 注释后变异数量 (vcf5_annotated): 263
2025-12-09 21:50:55,491 - INFO - 筛选后变异数量 (vcf6): 151
2025-12-09 21:50:55,491 - INFO - 筛选比例: 57.41%
2025-12-09 21:50:55,491 - INFO - 步骤6执行完成!
2025-12-09 21:50:55,491 - INFO - 成功从 263 个变异中筛选出 151 个满足条件的变异
2025-12-09 21:50:55,527 - INFO - 开始执行步骤7: 最终Top变异选择
2025-12-09 21:50:55,527 - INFO - 开始对变异进行打分...
2025-12-09 21:50:55,537 - INFO - 成功为 151 个变异打分
2025-12-09 21:50:55,537 - INFO - 选择得分最高的变异，确保至少包含 50 个变异...
2025-12-09 21:50:55,537 - INFO - 成功选出 50 个变异
2025-12-09 21:50:55,537 - INFO - 第50名得分为: 5分
2025-12-09 21:50:55,537 - INFO - 得分范围: 11 - 5
2025-12-09 21:50:55,537 - INFO - 创建final_top.vcf文件...
2025-12-09 21:50:55,552 - INFO - 成功创建 /Volumes/T9/herita-project/results/final_top.vcf
2025-12-09 21:50:55,562 - INFO - final_top.vcf包含 50 个变异
2025-12-09 21:50:55,562 - INFO - 生成详细报告...
2025-12-09 21:50:55,567 - INFO - 成功生成报告: /Volumes/T9/herita-project/docs/final_top_report.md
2025-12-09 21:50:55,567 - INFO - 步骤7执行完成!
2025-12-09 21:50:55,567 - INFO - 成功选出50个最高得分变异保存到: /Volumes/T9/herita-project/results/final_top.vcf
2025-12-09 21:50:55,567 - INFO - 详细报告保存到: /Volumes/T9/herita-project/docs/final_top_report.md
2025-12-09 21:50:55,601 - INFO - ============================================================
2025-12-09 21:50:55,601 - INFO - 步骤8: 整合三个决赛圈文件并补全注释 (优化版)
2025-12-09 21:50:55,601 - INFO - ============================================================
2025-12-09 21:50:55,607 - INFO - 开始合并三个决赛圈VCF文件...
2025-12-09 21:50:55,608 - INFO - 读取文件: /Volumes/T9/herita-project/results/final_clinvar.vcf
2025-12-09 21:50:55,608 - INFO - 读取文件: /Volumes/T9/herita-project/results/final_dbscSNV.vcf
2025-12-09 21:50:55,608 - INFO - 读取文件: /Volumes/T9/herita-project/results/final_top.vcf
2025-12-09 21:50:55,610 - INFO - 成功合并VCF文件: 53 个唯一变异
2025-12-09 21:50:55,610 - INFO - 开始对变异进行注释...
2025-12-09 21:50:55,610 - INFO - 从dbscSNV查询 53 个位点...
2025-12-09 21:50:59,144 - INFO - dbscSNV匹配到 0 个位点
2025-12-09 21:50:59,811 - INFO - 注释完成: 共处理 53 个变异
2025-12-09 21:50:59,811 - INFO -   - dbNSFP匹配: 53 个
2025-12-09 21:50:59,812 - INFO -   - dbscSNV匹配: 0 个
2025-12-09 21:50:59,812 - INFO - 生成最终结果文件...
2025-12-09 21:50:59,813 - INFO - 最终结果文件: /Volumes/T9/herita-project/results/final_integrated.vcf
2025-12-09 21:50:59,813 - INFO - 最终变异数量: 53
2025-12-09 21:50:59,813 - INFO - ============================================================
2025-12-09 21:50:59,813 - INFO - 步骤8完成! 总耗时: 4.2 秒
2025-12-09 21:50:59,813 - INFO - ============================================================

======================================================================
Step 9: InterVar-style ACMG Classification
======================================================================

[1/3] 加载 InterVar 知识库...
  [intervardb] 加载 6213 个 LOF 不耐受基因 (PVS1)
  [intervardb] 加载 38353 个已知致病氨基酸改变 (PS1)
  [intervardb] 加载 1237 个功能域记录 (PM1)
  [intervardb] 加载 931 个错义致病基因 (PP2)
  [intervardb] 加载 1449 个截断良性基因 (BP1)
  [intervardb] 加载 5665742 个健康人群变异 (BS2)
  [intervardb] 加载 1154 个病例对照显著变异 (PS4)

[2/3] 评估 ACMG 证据...
  读取 53 个变异

[3/3] 写入结果...

--------------------------------------------------
ACMG 分类结果统计:
--------------------------------------------------
  Pathogenic                    :   1 (  1.9%) 
  Likely_pathogenic             :   1 (  1.9%) 
  Uncertain_significance        :  47 ( 88.7%) ████████████████████████████████████████████
  Likely_benign                 :   4 (  7.5%) ███
  Benign                        :   0 (  0.0%) 
--------------------------------------------------
  总计: 53 个变异

输出文件:
  - VCF: /Volumes/T9/herita-project/results/final_intervar_classified.vcf
  - 报告: /Volumes/T9/herita-project/results/STEP9_INTERVAR_ACMG_REPORT.md

✓ Step 9 完成!

======================================================================
Step 10: Generating Detailed ACMG Analysis Log
======================================================================
Input VCF: /Volumes/T9/herita-project/results/final_intervar_classified.vcf
Output Log: /Volumes/T9/herita-project/results/STEP10_ACMG_DETAILED_LOG.txt

[1/3] Loading knowledge base (reusing Step 9 logic)...
  [intervardb] 加载 6213 个 LOF 不耐受基因 (PVS1)
  [intervardb] 加载 38353 个已知致病氨基酸改变 (PS1)
  [intervardb] 加载 1237 个功能域记录 (PM1)
  [intervardb] 加载 931 个错义致病基因 (PP2)
  [intervardb] 加载 1449 个截断良性基因 (BP1)
  [intervardb] 加载 5665742 个健康人群变异 (BS2)
  [intervardb] 加载 1154 个病例对照显著变异 (PS4)

[2/3] Reading variants from /Volumes/T9/herita-project/results/final_intervar_classified.vcf...
  Processing 53 variants...

[3/3] Generating detailed log...

Detailed log generated: /Volumes/T9/herita-project/results/STEP10_ACMG_DETAILED_LOG.txt
✓ Step 10 Completed!
======================================================================
HERITA 变异筛选流水线
======================================================================
开始时间: 2025-12-09 21:50:48
项目目录: /Volumes/T9/herita-project
======================================================================

📁 清理之前的结果文件...
   删除: vcf1.vcf
   删除: vcf2.vcf
   删除: vcf3.vcf
   删除: vcf4.vcf
   删除: vcf5.vcf
   删除: vcf5_annotated.vcf
   删除: vcf6.vcf
   删除: final_clinvar.vcf
   删除: final_dbscSNV.vcf
   删除: final_top.vcf
   删除: merged_final.vcf
   删除: merged_annotated.vcf
   删除: final_integrated.vcf
   删除: final_intervar_classified.vcf
   删除: STEP10_ACMG_DETAILED_LOG.txt
   共清理 16 个文件

📄 输入文件: /Volumes/T9/herita-project/input_data/HG001.vcf
   变异数量: 328

🚀 将执行步骤: Step 1 ~ Step 10

======================================================================
Step 1: gnomAD频率注释与过滤
脚本: step1_gnomad_annotation_filter.py
======================================================================

✅ Step 1 完成 (耗时: 0:00:00.330953)

======================================================================
Step 2: gnomAD Flag注释
脚本: step2_gnomad_flag_annotation.py
======================================================================

✅ Step 2 完成 (耗时: 0:00:00.267940)

======================================================================
Step 3: 测序质量过滤
脚本: step3_sequencing_quality_filter.py
======================================================================

✅ Step 3 完成 (耗时: 0:00:00.055563)

======================================================================
Step 4: ClinVar注释
脚本: step4_clinvar_annotation.py
======================================================================

✅ Step 4 完成 (耗时: 0:00:03.249336)

======================================================================
Step 5: dbscSNV注释
脚本: step5_dbscSNV_annotation.py
======================================================================

✅ Step 5 完成 (耗时: 0:00:03.131004)

======================================================================
Step 6: dbNSFP多评分注释与过滤
脚本: step6_dbNSFP_annotation_filter.py
======================================================================

✅ Step 6 完成 (耗时: 0:00:00.375392)

======================================================================
Step 7: 最终Top50筛选
脚本: step7_final_top50_selection.py
======================================================================

✅ Step 7 完成 (耗时: 0:00:00.073599)

======================================================================
Step 8: 最终整合
脚本: step8_final_integration.py
======================================================================

✅ Step 8 完成 (耗时: 0:00:04.245344)

======================================================================
Step 9: InterVar ACMG分类
脚本: step9_intervar_acmg.py
======================================================================

✅ Step 9 完成 (耗时: 0:00:02.525010)

======================================================================
Step 10: 生成详细ACMG分析日志
脚本: step10_acmg_detailed_report.py
======================================================================

✅ Step 10 完成 (耗时: 0:00:02.811542)

======================================================================
流水线执行摘要
======================================================================

文件                                                   变异数
------------------------------------------------------------
输入文件                                                 328
Step 1 (gnomAD过滤后)                                   274
Step 2 (gnomAD Flag后)                                274
Step 3 (质量过滤后)                                       267
Step 4 (ClinVar注释后)                                  263
Step 5 (dbscSNV注释后)                                  263
Step 6 (评分过滤后)                                       151
ClinVar致病变异                                            3
dbscSNV高分变异                                            0
Top50高分变异                                             50
最终整合结果                                                53
ACMG分类结果                                              53

======================================================================
✅ 最终结果: /Volumes/T9/herita-project/results/final_intervar_classified.vcf
======================================================================

总耗时: 0:00:17.066720

✅ 流水线执行完成！
[21:51:05]   Branch A 输出: /Volumes/T9/herita-project/results/HG001_branchA_annotated.vcf
[21:51:10] ========== Branch A: 旧流程处理 完成 (耗时: 25.13秒) ==========
[21:51:10] ========== Branch B: snpEff+VEP处理 开始 ==========
[21:51:10] Branch B - Step B1: snpEff 注释 (553 个变异)
[21:51:10] [CMD] snpEff annotation
[21:51:10]       /opt/homebrew/opt/openjdk@21/bin/java -Xmx4g -jar /Volumes/T9/snpEff/snpEff/snpEff.jar -canon -noStats...
[21:51:53]   输出: /Volumes/T9/herita-project/results/HG001_branchB_snpeff.vcf
[21:51:53] Branch B - Step B2: 影响力过滤 (保留 ('HIGH', 'MODERATE'))
[21:51:53]   保留: 175/553
[21:51:53]   输出: /Volumes/T9/herita-project/results/HG001_branchB_snpeff_filtered.vcf
[21:51:53] Branch B - Step B3: VEP REST 注释 (175 个变异, batch=100)
[21:51:53]     VEP batch 1/2
[21:52:31]     VEP batch 2/2
[21:53:12]   输出: /Volumes/T9/herita-project/results/HG001_branchB_vep.vcf
[21:53:12] Branch B - Step B4: 致病性过滤 (>= 1 个条件)
[21:53:12]   保留: 28/175
[21:53:12]   输出: /Volumes/T9/herita-project/results/HG001_branchB_pathogenic.vcf
[21:53:12] Branch B - Step B5: 整合 snpEff HIGH + VEP 致病性变异
[21:53:12]   snpEff HIGH: 15 个变异
[21:53:12]   VEP 致病性: 28 个变异
[21:53:12]   合并后总计: 38 个变异
[21:53:12]   输出: /Volumes/T9/herita-project/results/HG001_branchB_annotated.vcf
[21:53:12] ========== Branch B: snpEff+VEP处理 完成 (耗时: 122.20秒) ==========
[21:53:12] ========== Step10: 最终整合与排序 开始 ==========
[21:53:12] Step10: 最终整合
[21:53:12]   Branch B: 38 个变异
[21:53:12]   Branch A: 53 个新变异
[21:53:12]   对 VCF 文件按染色体排序...
[21:53:12]   排序完成: 91 个变异
[21:53:12]   最终输出: /Volumes/T9/herita-project/results/HG001_final_annotated.vcf (91 个变异)
[21:53:12] ========== Step10: 最终整合与排序 完成 (耗时: 0.01秒) ==========
[21:53:12] 验证结果: /Volumes/T9/herita-project/results/HG001_final_annotated.vcf
[21:53:12]   总变异数: 91
[21:53:12]   snpEff ANN: 38/91
[21:53:12]   VEP_CADD: 28/91
[21:53:12]   VEP_SpliceAI: 22/91
[21:53:12]   VEP_ClinVar: 16/91
[21:53:12] ============================================================
[21:53:12] 流水线执行完成!
[21:53:12] 结束时间: 2025-12-09 21:53:12
[21:53:12] 总耗时: 180.40秒 (3.01分钟)
[21:53:12] 
[21:53:12] 各步骤耗时详情:
[21:53:12]   Step0: CDS交集预处理: 4.95秒
[21:53:12]   Step1: gnomAD频率注释: 26.92秒
[21:53:12]   Step2: 频率过滤: 0.06秒
[21:53:12]   Step2.5: dbNSFP评分注释: 1.13秒
[21:53:12]   Step3: 变异分类拆分: 0.01秒
[21:53:12]   Branch A: 旧流程处理: 25.13秒
[21:53:12]   Branch B: snpEff+VEP处理: 122.20秒
[21:53:12]   Step10: 最终整合与排序: 0.01秒
[21:53:12] 
[21:53:12] 最终输出: /Volumes/T9/herita-project/results/HG001_final_annotated.vcf
[21:53:12] ============================================================
