🧬 VCF文件gnomAD频率注释与筛选 - 第一步
============================================================
✅ 所有必要工具已安装
   vcfanno: vcfanno version 0.3.7 [built with go1.24.6]
   bcftools: bcftools
✅ 所有输入文件存在
📁 输入VCF: input_data/HG001.vcf
📄 dbNSFP数据库: input_data/dbNSFP5.3a_grch38_lite.tsv.gz
✅ 创建vcfanno配置文件: config/vcfanno_gnomad_step1.toml

🧬 开始vcfanno注释...
输入文件: input_data/HG001.vcf
配置文件: config/vcfanno_gnomad_step1.toml
输出文件: temp/vcf1_annotated.vcf
============================================================
✅ vcfanno注释成功完成
处理时间: 7.72秒

🔍 开始gnomAD频率筛选...
输入文件: temp/vcf1_annotated.vcf
输出文件: results/vcf1.vcf
筛选条件: gnomAD4.1_joint_POPMAX_AF < 0.01 且不为空
============================================================
已处理 1,000 个变异，通过 16 个
已处理 2,000 个变异，通过 28 个
已处理 3,000 个变异，通过 37 个
已处理 4,000 个变异，通过 43 个
已处理 5,000 个变异，通过 51 个
已处理 6,000 个变异，通过 69 个
已处理 7,000 个变异，通过 86 个
已处理 8,000 个变异，通过 95 个
已处理 9,000 个变异，通过 102 个
已处理 10,000 个变异，通过 111 个
已处理 11,000 个变异，通过 125 个
已处理 12,000 个变异，通过 133 个
已处理 13,000 个变异，通过 146 个
已处理 14,000 个变异，通过 157 个
已处理 15,000 个变异，通过 174 个
已处理 16,000 个变异，通过 194 个
已处理 17,000 个变异，通过 210 个
已处理 18,000 个变异，通过 223 个
已处理 19,000 个变异，通过 235 个
已处理 20,000 个变异，通过 247 个
已处理 21,000 个变异，通过 259 个

🎉 gnomAD频率筛选完成！
总处理时间: 0.03秒
处理速度: 686567.7 变异/秒

📊 筛选统计:
  原始变异数量: 21,716
  通过筛选变异: 275
  筛选保留比例: 1.27%
  筛选失败变异: 21,441
  缺少gnomAD信息的变异: 21,358

🔍 验证结果文件...
✅ 结果文件验证通过
📊 最终变异数量: 275

============================================================
🎉 第一步处理完成！
总处理时间: 7.76秒
  - vcfanno注释: 7.72秒
  - gnomAD筛选: 0.03秒
最终结果: 275 个变异
输出文件: results/vcf1.vcf

✅ 详细报告已保存到: results/STEP1_GNOMAD_ANNOTATION_REPORT.md
🚀 准备进行第二步处理...
🧬 VCF文件gnomAD质量注释 - 第二步
============================================================
检查vcf1文件状态...
✅ vcf1文件存在
📊 vcf1变异数量: 275

检查依赖工具...
✅ vcfanno工具已安装

检查数据文件...
✅ dbNSFP文件存在: input_data/dbNSFP5.3a_grch38_lite.tsv.gz
📄 dbNSFP文件大小: 1,203,361,502 bytes

创建注释配置...
✅ 创建vcfanno配置文件: /Volumes/T9/herita-project/config/vcfanno_gnomad_flag.toml

🧬 开始gnomAD flag注释...
输入文件: results/vcf1.vcf
配置文件: /Volumes/T9/herita-project/config/vcfanno_gnomad_flag.toml
输出文件: results/vcf2.vcf
注释字段: gnomAD4.1_joint_flag (dbNSFP第26列)
============================================================
✅ vcfanno注释成功完成
处理时间: 0.18秒

🔍 验证vcf2文件...
📊 vcf2变异数量: 275
✅ 变异数量匹配vcf1
📊 gnomAD flag为'.'的变异: 0

📋 vcf2示例变异 (前5个):
============================================================
1. chr1:948519:T>G
   gnomAD频率: 3.220640e-05
   gnomAD标志: N/A

2. chr1:1487901:G>A
   gnomAD频率: 6.600660e-04
   gnomAD标志: N/A

3. chr1:2408634:C>G
   gnomAD频率: 1.635950e-03
   gnomAD标志: N/A

4. chr1:6082358:C>T
   gnomAD频率: 2.480940e-05
   gnomAD标志: N/A

5. chr1:9735980:C>T
   gnomAD频率: 4.391840e-05
   gnomAD标志: N/A


============================================================
🎉 第二步处理完成！
总处理时间: 0.21秒
  - vcfanno注释: 0.18秒
输入变异数量: 275
输出文件: results/vcf2.vcf
最终变异数量: 275

✅ 详细报告已保存到: results/STEP2_GNOMAD_FLAG_ANNOTATION_REPORT.md
🚀 准备进行第三步测序质量筛选...
🧬 VCF文件测序质量筛选 - 第三步
============================================================
检查vcf2文件状态...
✅ vcf2文件存在
📊 vcf2变异数量: 275

📊 分析vcf2质量指标分布...
==================================================
变异总数: 275
有QUAL信息的变异: 275
有FILTER信息的变异: 275
FILTER=PASS的变异: 0
有DP信息的变异: 275
有GQ信息的变异: 275


🧬 开始测序质量筛选...
输入文件: results/vcf2.vcf
输出文件: results/vcf3.vcf
筛选条件:
  - QUAL >= 30
  - FILTER = PASS
  - DP >= 30
  - GQ >= 60
==================================================
已处理 50 个变异，通过 48 个
已处理 100 个变异，通过 98 个
已处理 150 个变异，通过 148 个
已处理 200 个变异，通过 198 个
已处理 250 个变异，通过 242 个

🎉 测序质量筛选完成！
总处理时间: 0.00秒
处理速度: 57824.9 变异/秒

📊 筛选统计:
  原始变异数量: 275
  通过筛选变异: 268
  筛选保留比例: 97.45%
  筛选失败变异: 7

📊 筛选失败原因:
  QUAL < 30: 0
  FILTER ≠ PASS: 6
  DP < 30: 0
  GQ < 60: 1
  信息缺失: 0

🔍 验证vcf3文件...
✅ 结果文件验证通过
📊 vcf3变异数量: 268
✅ 变异数量符合预期 (≥ 0)

📋 vcf3示例变异 (前5个通过筛选的变异):
============================================================
1. chr1:948519:T>G
   QUAL: 50.0
   FILTER: PASS
   DP: 669
   GQ: 839

2. chr1:1487901:G>A
   QUAL: 50.0
   FILTER: PASS
   DP: 827
   GQ: 735

3. chr1:2408634:C>G
   QUAL: 50.0
   FILTER: PASS
   DP: 857
   GQ: 700

4. chr1:6082358:C>T
   QUAL: 50.0
   FILTER: PASS
   DP: 768
   GQ: 872

5. chr1:9735980:C>T
   QUAL: 50.0
   FILTER: PASS
   DP: 1164
   GQ: 1412


============================================================
🎉 第三步处理完成！
总处理时间: 0.03秒
  - 质量指标分析: 完成
  - 质量筛选: 0.00秒
输入变异数量: 275
输出变异数量: 268
筛选保留比例: 97.45%
输出文件: results/vcf3.vcf

✅ 详细报告已保存到: results/STEP3_SEQUENCING_QUALITY_FILTER_REPORT.md
🚀 准备进行第四步ClinVar注释...
🧬 ClinVar注释 - 优化版 (使用tabix按需查询)
============================================================
📊 vcf3变异数量: 268

变异 chr1:171636247 T>C 被删除: Likely_benign, reviewed_by_expert_panel
变异 chr10:87933147 C>T 进入决赛圈: Pathogenic, criteria_provided,_multiple_submitters,_no_conflicts
变异 chr12:102840474 T>C 进入决赛圈: Pathogenic, reviewed_by_expert_panel
变异 chr6:160706469 A>G 进入决赛圈: Pathogenic/Likely_pathogenic, criteria_provided,_multiple_submitters,_no_conflicts

处理完成！
总处理变异行数: 268
进入决赛圈 (final_clinvar.vcf): 3
保留在vcf4中: 264
从vcf4中删除: 1
验证: 3 + 264 + 1 = 268

⏱️ 总耗时: 2.85 秒
🧬 dbscSNV注释 - 优化版 (按需查询)
============================================================
📊 vcf4变异数量: 264
从dbscSNV查询 264 个位点...
dbscSNV匹配到 1 个位点

开始处理VCF文件...
变异 chr14:24213408 C>G 进入dbscSNV决赛圈: ada=0.999986675681007, rf=0.952

处理完成！
总变异行数: 264
dbscSNV匹配成功: 1 (0.4%)
高分变异(ada>0.6&rf>0.6): 1
进入dbscSNV决赛圈 (final_dbscSNV.vcf): 1
保留在vcf5中: 263
验证: 264 = 264

高分变异比例: 100.0% (相对于有注释的变异)

⏱️ 总耗时: 2.37 秒
2025-12-08 19:02:34,841 - INFO - 开始执行步骤6: dbNSFP注释和变异筛选
2025-12-08 19:02:34,842 - INFO - 开始使用vcfanno注释变异...
2025-12-08 19:02:35,008 - INFO - vcfanno注释完成，结果保存到: /Volumes/T9/herita-project/results/vcf5_annotated.vcf
2025-12-08 19:02:35,008 - INFO - 开始根据有害性评分筛选变异...
2025-12-08 19:02:35,021 - INFO - 找到 151 个满足至少2个条件的变异
2025-12-08 19:02:35,040 - INFO - 变异筛选完成，结果保存到: /Volumes/T9/herita-project/results/vcf6.vcf
2025-12-08 19:02:35,062 - INFO - 原始变异数量 (vcf5): 263
2025-12-08 19:02:35,062 - INFO - 注释后变异数量 (vcf5_annotated): 263
2025-12-08 19:02:35,062 - INFO - 筛选后变异数量 (vcf6): 151
2025-12-08 19:02:35,063 - INFO - 筛选比例: 57.41%
2025-12-08 19:02:35,063 - INFO - 步骤6执行完成!
2025-12-08 19:02:35,063 - INFO - 成功从 263 个变异中筛选出 151 个满足条件的变异
2025-12-08 19:02:35,089 - INFO - 开始执行步骤7: 最终Top变异选择
2025-12-08 19:02:35,089 - INFO - 开始对变异进行打分...
2025-12-08 19:02:35,096 - INFO - 成功为 151 个变异打分
2025-12-08 19:02:35,097 - INFO - 选择得分最高的变异，确保至少包含 50 个变异...
2025-12-08 19:02:35,097 - INFO - 成功选出 50 个变异
2025-12-08 19:02:35,097 - INFO - 第50名得分为: 5分
2025-12-08 19:02:35,097 - INFO - 得分范围: 11 - 5
2025-12-08 19:02:35,097 - INFO - 创建final_top.vcf文件...
2025-12-08 19:02:35,106 - INFO - 成功创建 /Volumes/T9/herita-project/results/final_top.vcf
2025-12-08 19:02:35,112 - INFO - final_top.vcf包含 50 个变异
2025-12-08 19:02:35,112 - INFO - 生成详细报告...
2025-12-08 19:02:35,116 - INFO - 成功生成报告: /Volumes/T9/herita-project/docs/final_top_report.md
2025-12-08 19:02:35,116 - INFO - 步骤7执行完成!
2025-12-08 19:02:35,116 - INFO - 成功选出50个最高得分变异保存到: /Volumes/T9/herita-project/results/final_top.vcf
2025-12-08 19:02:35,116 - INFO - 详细报告保存到: /Volumes/T9/herita-project/docs/final_top_report.md
2025-12-08 19:02:35,143 - INFO - ============================================================
2025-12-08 19:02:35,143 - INFO - 步骤8: 整合三个决赛圈文件并补全注释 (优化版)
2025-12-08 19:02:35,143 - INFO - ============================================================
2025-12-08 19:02:35,147 - INFO - 开始合并三个决赛圈VCF文件...
2025-12-08 19:02:35,147 - INFO - 读取文件: /Volumes/T9/herita-project/results/final_clinvar.vcf
2025-12-08 19:02:35,147 - INFO - 读取文件: /Volumes/T9/herita-project/results/final_dbscSNV.vcf
2025-12-08 19:02:35,148 - INFO - 读取文件: /Volumes/T9/herita-project/results/final_top.vcf
2025-12-08 19:02:35,150 - INFO - 成功合并VCF文件: 54 个唯一变异
2025-12-08 19:02:35,150 - INFO - 开始对变异进行注释...
2025-12-08 19:02:35,150 - INFO - 从dbscSNV查询 54 个位点...
2025-12-08 19:02:37,520 - INFO - dbscSNV匹配到 1 个位点
2025-12-08 19:02:38,057 - INFO - 注释完成: 共处理 54 个变异
2025-12-08 19:02:38,057 - INFO -   - dbNSFP匹配: 54 个
2025-12-08 19:02:38,057 - INFO -   - dbscSNV匹配: 1 个
2025-12-08 19:02:38,057 - INFO - 生成最终结果文件...
2025-12-08 19:02:38,062 - INFO - 最终结果文件: /Volumes/T9/herita-project/results/final_integrated.vcf
2025-12-08 19:02:38,062 - INFO - 最终变异数量: 54
2025-12-08 19:02:38,062 - INFO - ============================================================
2025-12-08 19:02:38,062 - INFO - 步骤8完成! 总耗时: 2.9 秒
2025-12-08 19:02:38,062 - INFO - ============================================================

======================================================================
Step 9: InterVar-style ACMG Classification
======================================================================

[1/3] 加载 InterVar 知识库...
  [intervardb] 加载 6213 个 LOF 不耐受基因 (PVS1)
  [intervardb] 加载 38353 个已知致病氨基酸改变 (PS1)
  [intervardb] 加载 1237 个功能域记录 (PM1)
  [intervardb] 加载 931 个错义致病基因 (PP2)
  [intervardb] 加载 1449 个截断良性基因 (BP1)
  [intervardb] 加载 5665742 个健康人群变异 (BS2)
  [intervardb] 加载 1154 个病例对照显著变异 (PS4)

[2/3] 评估 ACMG 证据...
  读取 54 个变异

[3/3] 写入结果...

--------------------------------------------------
ACMG 分类结果统计:
--------------------------------------------------
  Pathogenic                    :   1 (  1.9%) 
  Likely_pathogenic             :   1 (  1.9%) 
  Uncertain_significance        :  48 ( 88.9%) ████████████████████████████████████████████
  Likely_benign                 :   4 (  7.4%) ███
  Benign                        :   0 (  0.0%) 
--------------------------------------------------
  总计: 54 个变异

输出文件:
  - VCF: /Volumes/T9/herita-project/results/final_intervar_classified.vcf
  - 报告: /Volumes/T9/herita-project/results/STEP9_INTERVAR_ACMG_REPORT.md

✓ Step 9 完成!

======================================================================
Step 10: Generating Detailed ACMG Analysis Log
======================================================================
Input VCF: /Volumes/T9/herita-project/results/final_intervar_classified.vcf
Output Log: /Volumes/T9/herita-project/results/STEP10_ACMG_DETAILED_LOG.txt

[1/3] Loading knowledge base (reusing Step 9 logic)...
  [intervardb] 加载 6213 个 LOF 不耐受基因 (PVS1)
  [intervardb] 加载 38353 个已知致病氨基酸改变 (PS1)
  [intervardb] 加载 1237 个功能域记录 (PM1)
  [intervardb] 加载 931 个错义致病基因 (PP2)
  [intervardb] 加载 1449 个截断良性基因 (BP1)
  [intervardb] 加载 5665742 个健康人群变异 (BS2)
  [intervardb] 加载 1154 个病例对照显著变异 (PS4)

[2/3] Reading variants from /Volumes/T9/herita-project/results/final_intervar_classified.vcf...
  Processing 54 variants...

[3/3] Generating detailed log...

Detailed log generated: /Volumes/T9/herita-project/results/STEP10_ACMG_DETAILED_LOG.txt
✓ Step 10 Completed!
======================================================================
HERITA 变异筛选流水线
======================================================================
开始时间: 2025-12-08 19:02:21
项目目录: /Volumes/T9/herita-project
======================================================================

📁 清理之前的结果文件...
   删除: vcf1.vcf
   删除: vcf2.vcf
   删除: vcf3.vcf
   删除: vcf4.vcf
   删除: vcf5.vcf
   删除: vcf5_annotated.vcf
   删除: vcf6.vcf
   删除: final_clinvar.vcf
   删除: final_dbscSNV.vcf
   删除: final_top.vcf
   删除: merged_final.vcf
   删除: merged_annotated.vcf
   删除: final_integrated.vcf
   删除: final_intervar_classified.vcf
   删除: STEP10_ACMG_DETAILED_LOG.txt
   共清理 15 个文件
📥 已复制输入文件: 20251208_190221_a829e080-f5b6-45a5-955b-922df36ff47d_HG001_cds.vcf -> HG001.vcf

📄 输入文件: /Volumes/T9/herita-project/input_data/HG001.vcf
   变异数量: 21,716

🚀 将执行步骤: Step 1 ~ Step 10

======================================================================
Step 1: gnomAD频率注释与过滤
脚本: step1_gnomad_annotation_filter.py
======================================================================

✅ Step 1 完成 (耗时: 0:00:07.826540)

======================================================================
Step 2: gnomAD Flag注释
脚本: step2_gnomad_flag_annotation.py
======================================================================

✅ Step 2 完成 (耗时: 0:00:00.245022)

======================================================================
Step 3: 测序质量过滤
脚本: step3_sequencing_quality_filter.py
======================================================================

✅ Step 3 完成 (耗时: 0:00:00.053322)

======================================================================
Step 4: ClinVar注释
脚本: step4_clinvar_annotation.py
======================================================================

✅ Step 4 完成 (耗时: 0:00:02.874099)

======================================================================
Step 5: dbscSNV注释
脚本: step5_dbscSNV_annotation.py
======================================================================

✅ Step 5 完成 (耗时: 0:00:02.387018)

======================================================================
Step 6: dbNSFP多评分注释与过滤
脚本: step6_dbNSFP_annotation_filter.py
======================================================================

✅ Step 6 完成 (耗时: 0:00:00.249273)

======================================================================
Step 7: 最终Top50筛选
脚本: step7_final_top50_selection.py
======================================================================

✅ Step 7 完成 (耗时: 0:00:00.054002)

======================================================================
Step 8: 最终整合
脚本: step8_final_integration.py
======================================================================

✅ Step 8 完成 (耗时: 0:00:02.945221)

======================================================================
Step 9: InterVar ACMG分类
脚本: step9_intervar_acmg.py
======================================================================

✅ Step 9 完成 (耗时: 0:00:02.348909)

======================================================================
Step 10: 生成详细ACMG分析日志
脚本: step10_acmg_detailed_report.py
======================================================================

✅ Step 10 完成 (耗时: 0:00:02.317540)

======================================================================
流水线执行摘要
======================================================================

文件                                                   变异数
------------------------------------------------------------
输入文件                                              21,716
Step 1 (gnomAD过滤后)                                   275
Step 2 (gnomAD Flag后)                                275
Step 3 (质量过滤后)                                       268
Step 4 (ClinVar注释后)                                  264
Step 5 (dbscSNV注释后)                                  263
Step 6 (评分过滤后)                                       151
ClinVar致病变异                                            3
dbscSNV高分变异                                            1
Top50高分变异                                             50
最终整合结果                                                54
ACMG分类结果                                              54

======================================================================
✅ 最终结果: /Volumes/T9/herita-project/results/final_intervar_classified.vcf
======================================================================

总耗时: 0:00:21.302160

✅ 流水线执行完成！
